#
# There is insufficient memory for the Java Runtime Environment to continue.
# Native memory allocation (mmap) failed to map 65536 bytes for Failed to commit metaspace.
# Possible reasons:
#   The system is out of physical RAM or swap space
#   The process is running with CompressedOops enabled, and the Java Heap may be blocking the growth of the native heap
# Possible solutions:
#   Reduce memory load on the system
#   Increase physical memory or swap space
#   Check if swap backing store is full
#   Decrease Java heap size (-Xmx/-Xms)
#   Decrease number of Java threads
#   Decrease Java thread stack sizes (-Xss)
#   Set larger code cache with -XX:ReservedCodeCacheSize=
#   JVM is running with Unscaled Compressed Oops mode in which the Java heap is
#     placed in the first 4GB address space. The Java Heap base address is the
#     maximum limit for the native heap growth. Please use -XX:HeapBaseMinAddress
#     to set the Java Heap base and to place the Java Heap above 4GB virtual address.
# This output file may be truncated or incomplete.
#
#  Out of Memory Error (virtualSpaceNode.cpp:110), pid=9440, tid=1900
#
# JRE version: Java(TM) SE Runtime Environment (17.0.12+8) (build 17.0.12+8-LTS-286)
# Java VM: Java HotSpot(TM) 64-Bit Server VM (17.0.12+8-LTS-286, mixed mode, emulated-client, sharing, tiered, compressed oops, compressed class ptrs, g1 gc, windows-amd64)
# No core dump will be written. Minidumps are not enabled by default on client versions of Windows
#

---------------  S U M M A R Y ------------

Command Line: -XX:TieredStopAtLevel=1 com.eventapp.event_service.eventServiceApplication

Host: Intel(R) Celeron(R) N4020 CPU @ 1.10GHz, 2 cores, 7G,  Windows 10 , 64 bit Build 19041 (10.0.19041.5915)
Time: Wed Dec 10 11:32:59 2025 Heure standard au Soudan du Sud elapsed time: 3.612236 seconds (0d 0h 0m 3s)

---------------  T H R E A D  ---------------

Current thread (0x0000016f078db890):  JavaThread "restartedMain" [_thread_in_vm, id=1900, stack(0x0000000e05300000,0x0000000e05400000)]

Stack: [0x0000000e05300000,0x0000000e05400000]
Native frames: (J=compiled Java code, j=interpreted, Vv=VM code, C=native code)
V  [jvm.dll+0x67a04a]
V  [jvm.dll+0x7da4ed]
V  [jvm.dll+0x7dbe33]
V  [jvm.dll+0x7dc4a3]
V  [jvm.dll+0x24508f]
V  [jvm.dll+0x7d60bb]
V  [jvm.dll+0x6206c6]
V  [jvm.dll+0x1bed07]
V  [jvm.dll+0x623022]
V  [jvm.dll+0x621086]
V  [jvm.dll+0x23a821]
V  [jvm.dll+0x1e8e87]
V  [jvm.dll+0x1dea41]
V  [jvm.dll+0x53f78c]
V  [jvm.dll+0x7553b8]
V  [jvm.dll+0x7554a4]
V  [jvm.dll+0x40d1af]
V  [jvm.dll+0x413c39]
C  [java.dll+0x17ec]

Java frames: (J=compiled Java code, j=interpreted, Vv=VM code)
J 740  java.lang.ClassLoader.defineClass1(Ljava/lang/ClassLoader;Ljava/lang/String;[BIILjava/security/ProtectionDomain;Ljava/lang/String;)Ljava/lang/Class; java.base@17.0.12 (0 bytes) @ 0x0000016f7d167ee3 [0x0000016f7d167e20+0x00000000000000c3]
J 736 c1 java.lang.ClassLoader.defineClass(Ljava/lang/String;[BIILjava/security/ProtectionDomain;)Ljava/lang/Class; java.base@17.0.12 (43 bytes) @ 0x0000016f7d165ddc [0x0000016f7d165ce0+0x00000000000000fc]
J 720 c1 jdk.internal.loader.BuiltinClassLoader.defineClass(Ljava/lang/String;Ljdk/internal/loader/Resource;)Ljava/lang/Class; java.base@17.0.12 (121 bytes) @ 0x0000016f7d15f3e4 [0x0000016f7d15ef20+0x00000000000004c4]
J 719 c1 jdk.internal.loader.BuiltinClassLoader.findClassOnClassPathOrNull(Ljava/lang/String;)Ljava/lang/Class; java.base@17.0.12 (64 bytes) @ 0x0000016f7d15e134 [0x0000016f7d15de80+0x00000000000002b4]
J 358 c1 jdk.internal.loader.BuiltinClassLoader.loadClassOrNull(Ljava/lang/String;Z)Ljava/lang/Class; java.base@17.0.12 (143 bytes) @ 0x0000016f7d0d0cdc [0x0000016f7d0d0880+0x000000000000045c]
J 590 c1 jdk.internal.loader.ClassLoaders$AppClassLoader.loadClass(Ljava/lang/String;Z)Ljava/lang/Class; java.base@17.0.12 (40 bytes) @ 0x0000016f7d12e444 [0x0000016f7d12e300+0x0000000000000144]
J 589 c1 java.lang.ClassLoader.loadClass(Ljava/lang/String;)Ljava/lang/Class; java.base@17.0.12 (7 bytes) @ 0x0000016f7d12db64 [0x0000016f7d12db20+0x0000000000000044]
v  ~StubRoutines::call_stub
j  org.springframework.util.PlaceholderParser.replacePlaceholders(Ljava/lang/String;Lorg/springframework/util/PropertyPlaceholderHelper$PlaceholderResolver;)Ljava/lang/String;+24
j  org.springframework.util.PropertyPlaceholderHelper.replacePlaceholders(Ljava/lang/String;Lorg/springframework/util/PropertyPlaceholderHelper$PlaceholderResolver;)Ljava/lang/String;+12
j  org.springframework.core.env.AbstractPropertyResolver.doResolvePlaceholders(Ljava/lang/String;Lorg/springframework/util/PropertyPlaceholderHelper;)Ljava/lang/String;+8
j  org.springframework.core.env.AbstractPropertyResolver.resolvePlaceholders(Ljava/lang/String;)Ljava/lang/String;+22
j  org.springframework.core.env.AbstractEnvironment.resolvePlaceholders(Ljava/lang/String;)Ljava/lang/String;+5
j  org.springframework.boot.autoconfigure.condition.OnResourceCondition.getMatchOutcome(Lorg/springframework/context/annotation/ConditionContext;Lorg/springframework/core/type/AnnotatedTypeMetadata;)Lorg/springframework/boot/autoconfigure/condition/ConditionOutcome;+115
J 3120 c1 org.springframework.boot.autoconfigure.condition.SpringBootCondition.matches(Lorg/springframework/context/annotation/ConditionContext;Lorg/springframework/core/type/AnnotatedTypeMetadata;)Z (79 bytes) @ 0x0000016f7d5176b4 [0x0000016f7d517640+0x0000000000000074]
J 3031 c1 org.springframework.context.annotation.ConditionEvaluator.shouldSkip(Lorg/springframework/core/type/AnnotatedTypeMetadata;Lorg/springframework/context/annotation/ConfigurationCondition$ConfigurationPhase;)Z (157 bytes) @ 0x0000016f7d4f4dd4 [0x0000016f7d4f4a80+0x0000000000000354]
j  org.springframework.context.annotation.ConfigurationClassBeanDefinitionReader.loadBeanDefinitionsForBeanMethod(Lorg/springframework/context/annotation/BeanMethod;)V+26
j  org.springframework.context.annotation.ConfigurationClassBeanDefinitionReader.loadBeanDefinitionsForConfigurationClass(Lorg/springframework/context/annotation/ConfigurationClass;Lorg/springframework/context/annotation/ConfigurationClassBeanDefinitionReader$TrackedConditionEvaluator;)V+107
j  org.springframework.context.annotation.ConfigurationClassBeanDefinitionReader.loadBeanDefinitions(Ljava/util/Set;)V+40
j  org.springframework.context.annotation.ConfigurationClassPostProcessor.processConfigBeanDefinitions(Lorg/springframework/beans/factory/support/BeanDefinitionRegistry;)V+378
j  org.springframework.context.annotation.ConfigurationClassPostProcessor.postProcessBeanDefinitionRegistry(Lorg/springframework/beans/factory/support/BeanDefinitionRegistry;)V+87
j  org.springframework.context.support.PostProcessorRegistrationDelegate.invokeBeanDefinitionRegistryPostProcessors(Ljava/util/Collection;Lorg/springframework/beans/factory/support/BeanDefinitionRegistry;Lorg/springframework/core/metrics/ApplicationStartup;)V+59
j  org.springframework.context.support.PostProcessorRegistrationDelegate.invokeBeanFactoryPostProcessors(Lorg/springframework/beans/factory/config/ConfigurableListableBeanFactory;Ljava/util/List;)V+238
j  org.springframework.context.support.AbstractApplicationContext.invokeBeanFactoryPostProcessors(Lorg/springframework/beans/factory/config/ConfigurableListableBeanFactory;)V+5
j  org.springframework.context.support.AbstractApplicationContext.refresh()V+62
j  org.springframework.boot.web.servlet.context.ServletWebServerApplicationContext.refresh()V+1
j  org.springframework.boot.SpringApplication.refresh(Lorg/springframework/context/ConfigurableApplicationContext;)V+1
j  org.springframework.boot.SpringApplication.refreshContext(Lorg/springframework/context/ConfigurableApplicationContext;)V+19
j  org.springframework.boot.SpringApplication.run([Ljava/lang/String;)Lorg/springframework/context/ConfigurableApplicationContext;+113
j  org.springframework.boot.SpringApplication.run([Ljava/lang/Class;[Ljava/lang/String;)Lorg/springframework/context/ConfigurableApplicationContext;+9
j  org.springframework.boot.SpringApplication.run(Ljava/lang/Class;[Ljava/lang/String;)Lorg/springframework/context/ConfigurableApplicationContext;+9
j  com.eventapp.event_service.eventServiceApplication.main([Ljava/lang/String;)V+3
v  ~StubRoutines::call_stub
j  jdk.internal.reflect.NativeMethodAccessorImpl.invoke0(Ljava/lang/reflect/Method;Ljava/lang/Object;[Ljava/lang/Object;)Ljava/lang/Object;+0 java.base@17.0.12
j  jdk.internal.reflect.NativeMethodAccessorImpl.invoke(Ljava/lang/Object;[Ljava/lang/Object;)Ljava/lang/Object;+133 java.base@17.0.12
j  jdk.internal.reflect.DelegatingMethodAccessorImpl.invoke(Ljava/lang/Object;[Ljava/lang/Object;)Ljava/lang/Object;+6 java.base@17.0.12
j  java.lang.reflect.Method.invoke(Ljava/lang/Object;[Ljava/lang/Object;)Ljava/lang/Object;+59 java.base@17.0.12
j  org.springframework.boot.devtools.restart.RestartLauncher.run()V+47
v  ~StubRoutines::call_stub

---------------  P R O C E S S  ---------------

Threads class SMR info:
_java_thread_list=0x0000016f4d0e2cc0, length=14, elements={
0x0000016f73e09690, 0x0000016f06ff6e90, 0x0000016f06ff7d10, 0x0000016f0700e250,
0x0000016f07010c20, 0x0000016f070115e0, 0x0000016f07011fa0, 0x0000016f07012960,
0x0000016f0701b370, 0x0000016f07260a80, 0x0000016f07275620, 0x0000016f07277da0,
0x0000016f0790a070, 0x0000016f078db890
}

Java Threads: ( => current thread )
  0x0000016f73e09690 JavaThread "main" [_thread_blocked, id=10904, stack(0x0000000e03d00000,0x0000000e03e00000)]
  0x0000016f06ff6e90 JavaThread "Reference Handler" daemon [_thread_blocked, id=11260, stack(0x0000000e04500000,0x0000000e04600000)]
  0x0000016f06ff7d10 JavaThread "Finalizer" daemon [_thread_blocked, id=11232, stack(0x0000000e04600000,0x0000000e04700000)]
  0x0000016f0700e250 JavaThread "Signal Dispatcher" daemon [_thread_blocked, id=9884, stack(0x0000000e04700000,0x0000000e04800000)]
  0x0000016f07010c20 JavaThread "Attach Listener" daemon [_thread_blocked, id=14816, stack(0x0000000e04800000,0x0000000e04900000)]
  0x0000016f070115e0 JavaThread "Service Thread" daemon [_thread_blocked, id=9156, stack(0x0000000e04900000,0x0000000e04a00000)]
  0x0000016f07011fa0 JavaThread "Monitor Deflation Thread" daemon [_thread_blocked, id=12352, stack(0x0000000e04a00000,0x0000000e04b00000)]
  0x0000016f07012960 JavaThread "C1 CompilerThread0" daemon [_thread_blocked, id=2316, stack(0x0000000e04b00000,0x0000000e04c00000)]
  0x0000016f0701b370 JavaThread "Sweeper thread" daemon [_thread_blocked, id=13756, stack(0x0000000e04c00000,0x0000000e04d00000)]
  0x0000016f07260a80 JavaThread "C1 CompilerThread1" daemon [_thread_blocked, id=5868, stack(0x0000000e04d00000,0x0000000e04e00000)]
  0x0000016f07275620 JavaThread "Notification Thread" daemon [_thread_blocked, id=7024, stack(0x0000000e04e00000,0x0000000e04f00000)]
  0x0000016f07277da0 JavaThread "Common-Cleaner" daemon [_thread_blocked, id=14756, stack(0x0000000e05000000,0x0000000e05100000)]
  0x0000016f0790a070 JavaThread "Thread-0" [_thread_blocked, id=13684, stack(0x0000000e05200000,0x0000000e05300000)]
=>0x0000016f078db890 JavaThread "restartedMain" [_thread_in_vm, id=1900, stack(0x0000000e05300000,0x0000000e05400000)]

Other Threads:
  0x0000016f06ff29d0 VMThread "VM Thread" [stack: 0x0000000e04400000,0x0000000e04500000] [id=11676]
  0x0000016f07277b10 WatcherThread [stack: 0x0000000e04f00000,0x0000000e05000000] [id=7720]
  0x0000016f73e695a0 GCTaskThread "GC Thread#0" [stack: 0x0000000e03f00000,0x0000000e04000000] [id=14796]
  0x0000016f07522a30 GCTaskThread "GC Thread#1" [stack: 0x0000000e05100000,0x0000000e05200000] [id=10088]
  0x0000016f73e79f30 ConcurrentGCThread "G1 Main Marker" [stack: 0x0000000e04000000,0x0000000e04100000] [id=1624]
  0x0000016f73e7a940 ConcurrentGCThread "G1 Conc#0" [stack: 0x0000000e04100000,0x0000000e04200000] [id=10840]
  0x0000016f73ed8880 ConcurrentGCThread "G1 Refine#0" [stack: 0x0000000e04200000,0x0000000e04300000] [id=11160]
  0x0000016f73eda2c0 ConcurrentGCThread "G1 Service" [stack: 0x0000000e04300000,0x0000000e04400000] [id=6648]

Threads with active compile tasks:

VM state: not at safepoint (normal execution)

VM Mutex/Monitor currently owned by a thread:  ([mutex/lock_event])
[0x0000016f73e03070] Metaspace_lock - owner thread: 0x0000016f078db890

Heap address: 0x0000000082e00000, size: 2002 MB, Compressed Oops mode: 32-bit

CDS archive(s) mapped at: [0x0000016f08000000-0x0000016f08bd0000-0x0000016f08bd0000), size 12386304, SharedBaseAddress: 0x0000016f08000000, ArchiveRelocationMode: 1.
Compressed class space mapped at: 0x0000016f09000000-0x0000016f49000000, reserved size: 1073741824
Narrow klass base: 0x0000016f08000000, Narrow klass shift: 0, Narrow klass range: 0x100000000

GC Precious Log:
 CPUs: 2 total, 2 available
 Memory: 8007M
 Large Page Support: Disabled
 NUMA Support: Disabled
 Compressed Oops: Enabled (32-bit)
 Heap Region Size: 1M
 Heap Min Capacity: 8M
 Heap Initial Capacity: 126M
 Heap Max Capacity: 2002M
 Pre-touch: Disabled
 Parallel Workers: 2
 Concurrent Workers: 1
 Concurrent Refinement Workers: 2
 Periodic GC: Disabled

Heap:
 garbage-first heap   total 129024K, used 52637K [0x0000000082e00000, 0x0000000100000000)
  region size 1024K, 48 young (49152K), 5 survivors (5120K)
 Metaspace       used 19638K, committed 19904K, reserved 1114112K
  class space    used 2726K, committed 2880K, reserved 1048576K

Heap Regions: E=young(eden), S=young(survivor), O=old, HS=humongous(starts), HC=humongous(continues), CS=collection set, F=free, OA=open archive, CA=closed archive, TAMS=top-at-mark-start (previous, next)
|   0|0x0000000082e00000, 0x0000000082f00000, 0x0000000082f00000|100%|HS|  |TAMS 0x0000000082e00000, 0x0000000082e00000| Complete 
|   1|0x0000000082f00000, 0x0000000083000000, 0x0000000083000000|100%|HS|  |TAMS 0x0000000082f00000, 0x0000000082f00000| Complete 
|   2|0x0000000083000000, 0x0000000083100000, 0x0000000083100000|100%| O|  |TAMS 0x0000000083000000, 0x0000000083000000| Untracked 
|   3|0x0000000083100000, 0x0000000083200000, 0x0000000083200000|100%| O|  |TAMS 0x0000000083100000, 0x0000000083100000| Untracked 
|   4|0x0000000083200000, 0x0000000083300000, 0x0000000083300000|100%| O|  |TAMS 0x0000000083200000, 0x0000000083200000| Untracked 
|   5|0x0000000083300000, 0x000000008336f400, 0x0000000083400000| 43%| O|  |TAMS 0x0000000083300000, 0x0000000083300000| Untracked 
|   6|0x0000000083400000, 0x0000000083400000, 0x0000000083500000|  0%| F|  |TAMS 0x0000000083400000, 0x0000000083400000| Untracked 
|   7|0x0000000083500000, 0x0000000083500000, 0x0000000083600000|  0%| F|  |TAMS 0x0000000083500000, 0x0000000083500000| Untracked 
|   8|0x0000000083600000, 0x0000000083600000, 0x0000000083700000|  0%| F|  |TAMS 0x0000000083600000, 0x0000000083600000| Untracked 
|   9|0x0000000083700000, 0x0000000083700000, 0x0000000083800000|  0%| F|  |TAMS 0x0000000083700000, 0x0000000083700000| Untracked 
|  10|0x0000000083800000, 0x0000000083800000, 0x0000000083900000|  0%| F|  |TAMS 0x0000000083800000, 0x0000000083800000| Untracked 
|  11|0x0000000083900000, 0x0000000083900000, 0x0000000083a00000|  0%| F|  |TAMS 0x0000000083900000, 0x0000000083900000| Untracked 
|  12|0x0000000083a00000, 0x0000000083a00000, 0x0000000083b00000|  0%| F|  |TAMS 0x0000000083a00000, 0x0000000083a00000| Untracked 
|  13|0x0000000083b00000, 0x0000000083b00000, 0x0000000083c00000|  0%| F|  |TAMS 0x0000000083b00000, 0x0000000083b00000| Untracked 
|  14|0x0000000083c00000, 0x0000000083c00000, 0x0000000083d00000|  0%| F|  |TAMS 0x0000000083c00000, 0x0000000083c00000| Untracked 
|  15|0x0000000083d00000, 0x0000000083d00000, 0x0000000083e00000|  0%| F|  |TAMS 0x0000000083d00000, 0x0000000083d00000| Untracked 
|  16|0x0000000083e00000, 0x0000000083e00000, 0x0000000083f00000|  0%| F|  |TAMS 0x0000000083e00000, 0x0000000083e00000| Untracked 
|  17|0x0000000083f00000, 0x0000000083f00000, 0x0000000084000000|  0%| F|  |TAMS 0x0000000083f00000, 0x0000000083f00000| Untracked 
|  18|0x0000000084000000, 0x0000000084000000, 0x0000000084100000|  0%| F|  |TAMS 0x0000000084000000, 0x0000000084000000| Untracked 
|  19|0x0000000084100000, 0x0000000084100000, 0x0000000084200000|  0%| F|  |TAMS 0x0000000084100000, 0x0000000084100000| Untracked 
|  20|0x0000000084200000, 0x0000000084200000, 0x0000000084300000|  0%| F|  |TAMS 0x0000000084200000, 0x0000000084200000| Untracked 
|  21|0x0000000084300000, 0x0000000084300000, 0x0000000084400000|  0%| F|  |TAMS 0x0000000084300000, 0x0000000084300000| Untracked 
|  22|0x0000000084400000, 0x0000000084400000, 0x0000000084500000|  0%| F|  |TAMS 0x0000000084400000, 0x0000000084400000| Untracked 
|  23|0x0000000084500000, 0x0000000084500000, 0x0000000084600000|  0%| F|  |TAMS 0x0000000084500000, 0x0000000084500000| Untracked 
|  24|0x0000000084600000, 0x0000000084600000, 0x0000000084700000|  0%| F|  |TAMS 0x0000000084600000, 0x0000000084600000| Untracked 
|  25|0x0000000084700000, 0x0000000084700000, 0x0000000084800000|  0%| F|  |TAMS 0x0000000084700000, 0x0000000084700000| Untracked 
|  26|0x0000000084800000, 0x0000000084800000, 0x0000000084900000|  0%| F|  |TAMS 0x0000000084800000, 0x0000000084800000| Untracked 
|  27|0x0000000084900000, 0x0000000084900000, 0x0000000084a00000|  0%| F|  |TAMS 0x0000000084900000, 0x0000000084900000| Untracked 
|  28|0x0000000084a00000, 0x0000000084a00000, 0x0000000084b00000|  0%| F|  |TAMS 0x0000000084a00000, 0x0000000084a00000| Untracked 
|  29|0x0000000084b00000, 0x0000000084b00000, 0x0000000084c00000|  0%| F|  |TAMS 0x0000000084b00000, 0x0000000084b00000| Untracked 
|  30|0x0000000084c00000, 0x0000000084c00000, 0x0000000084d00000|  0%| F|  |TAMS 0x0000000084c00000, 0x0000000084c00000| Untracked 
|  31|0x0000000084d00000, 0x0000000084d00000, 0x0000000084e00000|  0%| F|  |TAMS 0x0000000084d00000, 0x0000000084d00000| Untracked 
|  32|0x0000000084e00000, 0x0000000084e00000, 0x0000000084f00000|  0%| F|  |TAMS 0x0000000084e00000, 0x0000000084e00000| Untracked 
|  33|0x0000000084f00000, 0x0000000084f00000, 0x0000000085000000|  0%| F|  |TAMS 0x0000000084f00000, 0x0000000084f00000| Untracked 
|  34|0x0000000085000000, 0x0000000085000000, 0x0000000085100000|  0%| F|  |TAMS 0x0000000085000000, 0x0000000085000000| Untracked 
|  35|0x0000000085100000, 0x0000000085100000, 0x0000000085200000|  0%| F|  |TAMS 0x0000000085100000, 0x0000000085100000| Untracked 
|  36|0x0000000085200000, 0x0000000085200000, 0x0000000085300000|  0%| F|  |TAMS 0x0000000085200000, 0x0000000085200000| Untracked 
|  37|0x0000000085300000, 0x0000000085300000, 0x0000000085400000|  0%| F|  |TAMS 0x0000000085300000, 0x0000000085300000| Untracked 
|  38|0x0000000085400000, 0x0000000085400000, 0x0000000085500000|  0%| F|  |TAMS 0x0000000085400000, 0x0000000085400000| Untracked 
|  39|0x0000000085500000, 0x0000000085500000, 0x0000000085600000|  0%| F|  |TAMS 0x0000000085500000, 0x0000000085500000| Untracked 
|  40|0x0000000085600000, 0x0000000085600000, 0x0000000085700000|  0%| F|  |TAMS 0x0000000085600000, 0x0000000085600000| Untracked 
|  41|0x0000000085700000, 0x0000000085700000, 0x0000000085800000|  0%| F|  |TAMS 0x0000000085700000, 0x0000000085700000| Untracked 
|  42|0x0000000085800000, 0x0000000085800000, 0x0000000085900000|  0%| F|  |TAMS 0x0000000085800000, 0x0000000085800000| Untracked 
|  43|0x0000000085900000, 0x0000000085900000, 0x0000000085a00000|  0%| F|  |TAMS 0x0000000085900000, 0x0000000085900000| Untracked 
|  44|0x0000000085a00000, 0x0000000085a00000, 0x0000000085b00000|  0%| F|  |TAMS 0x0000000085a00000, 0x0000000085a00000| Untracked 
|  45|0x0000000085b00000, 0x0000000085b00000, 0x0000000085c00000|  0%| F|  |TAMS 0x0000000085b00000, 0x0000000085b00000| Untracked 
|  46|0x0000000085c00000, 0x0000000085c00000, 0x0000000085d00000|  0%| F|  |TAMS 0x0000000085c00000, 0x0000000085c00000| Untracked 
|  47|0x0000000085d00000, 0x0000000085d00000, 0x0000000085e00000|  0%| F|  |TAMS 0x0000000085d00000, 0x0000000085d00000| Untracked 
|  48|0x0000000085e00000, 0x0000000085e00000, 0x0000000085f00000|  0%| F|  |TAMS 0x0000000085e00000, 0x0000000085e00000| Untracked 
|  49|0x0000000085f00000, 0x0000000085f00000, 0x0000000086000000|  0%| F|  |TAMS 0x0000000085f00000, 0x0000000085f00000| Untracked 
|  50|0x0000000086000000, 0x0000000086000000, 0x0000000086100000|  0%| F|  |TAMS 0x0000000086000000, 0x0000000086000000| Untracked 
|  51|0x0000000086100000, 0x0000000086100000, 0x0000000086200000|  0%| F|  |TAMS 0x0000000086100000, 0x0000000086100000| Untracked 
|  52|0x0000000086200000, 0x0000000086200000, 0x0000000086300000|  0%| F|  |TAMS 0x0000000086200000, 0x0000000086200000| Untracked 
|  53|0x0000000086300000, 0x0000000086300000, 0x0000000086400000|  0%| F|  |TAMS 0x0000000086300000, 0x0000000086300000| Untracked 
|  54|0x0000000086400000, 0x0000000086400000, 0x0000000086500000|  0%| F|  |TAMS 0x0000000086400000, 0x0000000086400000| Untracked 
|  55|0x0000000086500000, 0x0000000086500000, 0x0000000086600000|  0%| F|  |TAMS 0x0000000086500000, 0x0000000086500000| Untracked 
|  56|0x0000000086600000, 0x0000000086600000, 0x0000000086700000|  0%| F|  |TAMS 0x0000000086600000, 0x0000000086600000| Untracked 
|  57|0x0000000086700000, 0x0000000086700000, 0x0000000086800000|  0%| F|  |TAMS 0x0000000086700000, 0x0000000086700000| Untracked 
|  58|0x0000000086800000, 0x0000000086800000, 0x0000000086900000|  0%| F|  |TAMS 0x0000000086800000, 0x0000000086800000| Untracked 
|  59|0x0000000086900000, 0x0000000086900000, 0x0000000086a00000|  0%| F|  |TAMS 0x0000000086900000, 0x0000000086900000| Untracked 
|  60|0x0000000086a00000, 0x0000000086a00000, 0x0000000086b00000|  0%| F|  |TAMS 0x0000000086a00000, 0x0000000086a00000| Untracked 
|  61|0x0000000086b00000, 0x0000000086b00000, 0x0000000086c00000|  0%| F|  |TAMS 0x0000000086b00000, 0x0000000086b00000| Untracked 
|  62|0x0000000086c00000, 0x0000000086c00000, 0x0000000086d00000|  0%| F|  |TAMS 0x0000000086c00000, 0x0000000086c00000| Untracked 
|  63|0x0000000086d00000, 0x0000000086d00000, 0x0000000086e00000|  0%| F|  |TAMS 0x0000000086d00000, 0x0000000086d00000| Untracked 
|  64|0x0000000086e00000, 0x0000000086e00000, 0x0000000086f00000|  0%| F|  |TAMS 0x0000000086e00000, 0x0000000086e00000| Untracked 
|  65|0x0000000086f00000, 0x0000000086f00000, 0x0000000087000000|  0%| F|  |TAMS 0x0000000086f00000, 0x0000000086f00000| Untracked 
|  66|0x0000000087000000, 0x0000000087000000, 0x0000000087100000|  0%| F|  |TAMS 0x0000000087000000, 0x0000000087000000| Untracked 
|  67|0x0000000087100000, 0x0000000087100000, 0x0000000087200000|  0%| F|  |TAMS 0x0000000087100000, 0x0000000087100000| Untracked 
|  68|0x0000000087200000, 0x0000000087200000, 0x0000000087300000|  0%| F|  |TAMS 0x0000000087200000, 0x0000000087200000| Untracked 
|  69|0x0000000087300000, 0x0000000087300000, 0x0000000087400000|  0%| F|  |TAMS 0x0000000087300000, 0x0000000087300000| Untracked 
|  70|0x0000000087400000, 0x0000000087400000, 0x0000000087500000|  0%| F|  |TAMS 0x0000000087400000, 0x0000000087400000| Untracked 
|  71|0x0000000087500000, 0x00000000875f82b0, 0x0000000087600000| 96%| S|CS|TAMS 0x0000000087500000, 0x0000000087500000| Complete 
|  72|0x0000000087600000, 0x0000000087700000, 0x0000000087700000|100%| S|CS|TAMS 0x0000000087600000, 0x0000000087600000| Complete 
|  73|0x0000000087700000, 0x0000000087800000, 0x0000000087800000|100%| S|CS|TAMS 0x0000000087700000, 0x0000000087700000| Complete 
|  74|0x0000000087800000, 0x0000000087900000, 0x0000000087900000|100%| S|CS|TAMS 0x0000000087800000, 0x0000000087800000| Complete 
|  75|0x0000000087900000, 0x0000000087a00000, 0x0000000087a00000|100%| S|CS|TAMS 0x0000000087900000, 0x0000000087900000| Complete 
|  76|0x0000000087a00000, 0x0000000087a00000, 0x0000000087b00000|  0%| F|  |TAMS 0x0000000087a00000, 0x0000000087a00000| Untracked 
|  77|0x0000000087b00000, 0x0000000087b00000, 0x0000000087c00000|  0%| F|  |TAMS 0x0000000087b00000, 0x0000000087b00000| Untracked 
|  78|0x0000000087c00000, 0x0000000087c00000, 0x0000000087d00000|  0%| F|  |TAMS 0x0000000087c00000, 0x0000000087c00000| Untracked 
|  79|0x0000000087d00000, 0x0000000087d00000, 0x0000000087e00000|  0%| F|  |TAMS 0x0000000087d00000, 0x0000000087d00000| Untracked 
|  80|0x0000000087e00000, 0x0000000087e00000, 0x0000000087f00000|  0%| F|  |TAMS 0x0000000087e00000, 0x0000000087e00000| Untracked 
|  81|0x0000000087f00000, 0x0000000087f00000, 0x0000000088000000|  0%| F|  |TAMS 0x0000000087f00000, 0x0000000087f00000| Untracked 
|  82|0x0000000088000000, 0x0000000088000000, 0x0000000088100000|  0%| F|  |TAMS 0x0000000088000000, 0x0000000088000000| Untracked 
|  83|0x0000000088100000, 0x00000000881fdd48, 0x0000000088200000| 99%| E|  |TAMS 0x0000000088100000, 0x0000000088100000| Complete 
|  84|0x0000000088200000, 0x0000000088300000, 0x0000000088300000|100%| E|CS|TAMS 0x0000000088200000, 0x0000000088200000| Complete 
|  85|0x0000000088300000, 0x0000000088400000, 0x0000000088400000|100%| E|CS|TAMS 0x0000000088300000, 0x0000000088300000| Complete 
|  86|0x0000000088400000, 0x0000000088500000, 0x0000000088500000|100%| E|CS|TAMS 0x0000000088400000, 0x0000000088400000| Complete 
|  87|0x0000000088500000, 0x0000000088600000, 0x0000000088600000|100%| E|CS|TAMS 0x0000000088500000, 0x0000000088500000| Complete 
|  88|0x0000000088600000, 0x0000000088700000, 0x0000000088700000|100%| E|CS|TAMS 0x0000000088600000, 0x0000000088600000| Complete 
|  89|0x0000000088700000, 0x0000000088800000, 0x0000000088800000|100%| E|  |TAMS 0x0000000088700000, 0x0000000088700000| Complete 
|  90|0x0000000088800000, 0x0000000088900000, 0x0000000088900000|100%| E|CS|TAMS 0x0000000088800000, 0x0000000088800000| Complete 
|  91|0x0000000088900000, 0x0000000088a00000, 0x0000000088a00000|100%| E|CS|TAMS 0x0000000088900000, 0x0000000088900000| Complete 
|  92|0x0000000088a00000, 0x0000000088b00000, 0x0000000088b00000|100%| E|CS|TAMS 0x0000000088a00000, 0x0000000088a00000| Complete 
|  93|0x0000000088b00000, 0x0000000088c00000, 0x0000000088c00000|100%| E|CS|TAMS 0x0000000088b00000, 0x0000000088b00000| Complete 
|  94|0x0000000088c00000, 0x0000000088d00000, 0x0000000088d00000|100%| E|CS|TAMS 0x0000000088c00000, 0x0000000088c00000| Complete 
|  95|0x0000000088d00000, 0x0000000088e00000, 0x0000000088e00000|100%| E|CS|TAMS 0x0000000088d00000, 0x0000000088d00000| Complete 
|  96|0x0000000088e00000, 0x0000000088f00000, 0x0000000088f00000|100%| E|CS|TAMS 0x0000000088e00000, 0x0000000088e00000| Complete 
|  97|0x0000000088f00000, 0x0000000089000000, 0x0000000089000000|100%| E|CS|TAMS 0x0000000088f00000, 0x0000000088f00000| Complete 
|  98|0x0000000089000000, 0x0000000089100000, 0x0000000089100000|100%| E|CS|TAMS 0x0000000089000000, 0x0000000089000000| Complete 
|  99|0x0000000089100000, 0x0000000089200000, 0x0000000089200000|100%| E|CS|TAMS 0x0000000089100000, 0x0000000089100000| Complete 
| 100|0x0000000089200000, 0x0000000089300000, 0x0000000089300000|100%| E|CS|TAMS 0x0000000089200000, 0x0000000089200000| Complete 
| 101|0x0000000089300000, 0x0000000089400000, 0x0000000089400000|100%| E|CS|TAMS 0x0000000089300000, 0x0000000089300000| Complete 
| 102|0x0000000089400000, 0x0000000089500000, 0x0000000089500000|100%| E|CS|TAMS 0x0000000089400000, 0x0000000089400000| Complete 
| 103|0x0000000089500000, 0x0000000089600000, 0x0000000089600000|100%| E|CS|TAMS 0x0000000089500000, 0x0000000089500000| Complete 
| 104|0x0000000089600000, 0x0000000089700000, 0x0000000089700000|100%| E|CS|TAMS 0x0000000089600000, 0x0000000089600000| Complete 
| 105|0x0000000089700000, 0x0000000089800000, 0x0000000089800000|100%| E|CS|TAMS 0x0000000089700000, 0x0000000089700000| Complete 
| 106|0x0000000089800000, 0x0000000089900000, 0x0000000089900000|100%| E|CS|TAMS 0x0000000089800000, 0x0000000089800000| Complete 
| 107|0x0000000089900000, 0x0000000089a00000, 0x0000000089a00000|100%| E|CS|TAMS 0x0000000089900000, 0x0000000089900000| Complete 
| 108|0x0000000089a00000, 0x0000000089b00000, 0x0000000089b00000|100%| E|CS|TAMS 0x0000000089a00000, 0x0000000089a00000| Complete 
| 109|0x0000000089b00000, 0x0000000089c00000, 0x0000000089c00000|100%| E|CS|TAMS 0x0000000089b00000, 0x0000000089b00000| Complete 
| 110|0x0000000089c00000, 0x0000000089d00000, 0x0000000089d00000|100%| E|CS|TAMS 0x0000000089c00000, 0x0000000089c00000| Complete 
| 111|0x0000000089d00000, 0x0000000089e00000, 0x0000000089e00000|100%| E|CS|TAMS 0x0000000089d00000, 0x0000000089d00000| Complete 
| 112|0x0000000089e00000, 0x0000000089f00000, 0x0000000089f00000|100%| E|CS|TAMS 0x0000000089e00000, 0x0000000089e00000| Complete 
| 113|0x0000000089f00000, 0x000000008a000000, 0x000000008a000000|100%| E|CS|TAMS 0x0000000089f00000, 0x0000000089f00000| Complete 
| 114|0x000000008a000000, 0x000000008a100000, 0x000000008a100000|100%| E|CS|TAMS 0x000000008a000000, 0x000000008a000000| Complete 
| 115|0x000000008a100000, 0x000000008a200000, 0x000000008a200000|100%| E|CS|TAMS 0x000000008a100000, 0x000000008a100000| Complete 
| 116|0x000000008a200000, 0x000000008a300000, 0x000000008a300000|100%| E|CS|TAMS 0x000000008a200000, 0x000000008a200000| Complete 
| 117|0x000000008a300000, 0x000000008a400000, 0x000000008a400000|100%| E|CS|TAMS 0x000000008a300000, 0x000000008a300000| Complete 
| 118|0x000000008a400000, 0x000000008a500000, 0x000000008a500000|100%| E|CS|TAMS 0x000000008a400000, 0x000000008a400000| Complete 
| 119|0x000000008a500000, 0x000000008a600000, 0x000000008a600000|100%| E|CS|TAMS 0x000000008a500000, 0x000000008a500000| Complete 
| 120|0x000000008a600000, 0x000000008a700000, 0x000000008a700000|100%| E|CS|TAMS 0x000000008a600000, 0x000000008a600000| Complete 
| 121|0x000000008a700000, 0x000000008a800000, 0x000000008a800000|100%| E|CS|TAMS 0x000000008a700000, 0x000000008a700000| Complete 
| 122|0x000000008a800000, 0x000000008a900000, 0x000000008a900000|100%| E|CS|TAMS 0x000000008a800000, 0x000000008a800000| Complete 
| 123|0x000000008a900000, 0x000000008aa00000, 0x000000008aa00000|100%| E|CS|TAMS 0x000000008a900000, 0x000000008a900000| Complete 
| 124|0x000000008aa00000, 0x000000008ab00000, 0x000000008ab00000|100%| E|CS|TAMS 0x000000008aa00000, 0x000000008aa00000| Complete 
| 125|0x000000008ab00000, 0x000000008ac00000, 0x000000008ac00000|100%| E|CS|TAMS 0x000000008ab00000, 0x000000008ab00000| Complete 

Card table byte_map: [0x0000016f00610000,0x0000016f00a00000] _byte_map_base: 0x0000016f001f9000

Marking Bits (Prev, Next): (CMBitMap*) 0x0000016f73e69bc0, (CMBitMap*) 0x0000016f73e69c00
 Prev Bits: [0x0000016f00df0000, 0x0000016f02d38000)
 Next Bits: [0x0000016f02d40000, 0x0000016f04c88000)

Polling page: 0x0000016f73ee0000

Metaspace:

Usage:
  Non-class:     16.51 MB used.
      Class:      2.66 MB used.
       Both:     19.18 MB used.

Virtual space:
  Non-class space:       64.00 MB reserved,      16.62 MB ( 26%) committed,  1 nodes.
      Class space:        1.00 GB reserved,       2.81 MB ( <1%) committed,  1 nodes.
             Both:        1.06 GB reserved,      19.44 MB (  2%) committed. 

Chunk freelists:
   Non-Class:  14.55 MB
       Class:  13.22 MB
        Both:  27.77 MB

MaxMetaspaceSize: unlimited
CompressedClassSpaceSize: 1.00 GB
Initial GC threshold: 21.00 MB
Current GC threshold: 21.00 MB
CDS: on
MetaspaceReclaimPolicy: balanced
 - commit_granule_bytes: 65536.
 - commit_granule_words: 8192.
 - virtual_space_node_default_size: 8388608.
 - enlarge_chunks_in_place: 1.
 - new_chunks_are_fully_committed: 0.
 - uncommit_free_chunks: 1.
 - use_allocation_guard: 0.
 - handle_deallocations: 1.


Internal statistics:

num_allocs_failed_limit: 0.
num_arena_births: 308.
num_arena_deaths: 0.
num_vsnodes_births: 2.
num_vsnodes_deaths: 0.
num_space_committed: 311.
num_space_uncommitted: 0.
num_chunks_returned_to_freelist: 0.
num_chunks_taken_from_freelist: 1027.
num_chunk_merges: 0.
num_chunk_splits: 719.
num_chunks_enlarged: 556.
num_inconsistent_stats: 0.

CodeCache: size=49152Kb used=6502Kb max_used=6502Kb free=42649Kb
 bounds [0x0000016f7cec0000, 0x0000016f7d520000, 0x0000016f7fec0000]
 total_blobs=3615 nmethods=3124 adapters=417
 compilation: enabled
              stopped_count=0, restarted_count=0
 full_count=0

Compilation events (20 events):
Event: 3.452 Thread 0x0000016f07260a80 3115       1       org.springframework.beans.factory.support.DefaultListableBeanFactory::isAllowEagerClassLoading (5 bytes)
Event: 3.452 Thread 0x0000016f07260a80 nmethod 3115 0x0000016f7d516110 code [0x0000016f7d5162a0, 0x0000016f7d516378]
Event: 3.454 Thread 0x0000016f07012960 3116   !   1       jdk.proxy2.$Proxy34::annotationType (29 bytes)
Event: 3.454 Thread 0x0000016f07012960 nmethod 3116 0x0000016f7d516410 code [0x0000016f7d5165c0, 0x0000016f7d5167d8]
Event: 3.460 Thread 0x0000016f07260a80 3117       1       java.lang.reflect.Field::getName (5 bytes)
Event: 3.461 Thread 0x0000016f07260a80 nmethod 3117 0x0000016f7d516910 code [0x0000016f7d516aa0, 0x0000016f7d516b78]
Event: 3.462 Thread 0x0000016f07012960 3118       1       org.springframework.boot.autoconfigure.condition.FilteringSpringBootCondition::<init> (5 bytes)
Event: 3.462 Thread 0x0000016f07012960 nmethod 3118 0x0000016f7d516c10 code [0x0000016f7d516dc0, 0x0000016f7d516fd8]
Event: 3.475 Thread 0x0000016f07012960 3119       1       org.springframework.core.MethodParameter::getParameterIndex (5 bytes)
Event: 3.475 Thread 0x0000016f07012960 nmethod 3119 0x0000016f7d517110 code [0x0000016f7d5172a0, 0x0000016f7d517378]
Event: 3.478 Thread 0x0000016f07012960 3120   !   1       org.springframework.boot.autoconfigure.condition.SpringBootCondition::matches (79 bytes)
Event: 3.478 Thread 0x0000016f07260a80 3121       1       org.springframework.boot.autoconfigure.condition.SpringBootCondition::getClassOrMethodName (42 bytes)
Event: 3.479 Thread 0x0000016f07012960 nmethod 3120 0x0000016f7d517410 code [0x0000016f7d517640, 0x0000016f7d517c38]
Event: 3.479 Thread 0x0000016f07260a80 nmethod 3121 0x0000016f7d518190 code [0x0000016f7d5183c0, 0x0000016f7d518878]
Event: 3.480 Thread 0x0000016f07012960 3122       1       org.springframework.boot.autoconfigure.condition.SpringBootCondition::recordEvaluation (25 bytes)
Event: 3.480 Thread 0x0000016f07012960 nmethod 3122 0x0000016f7d518c90 code [0x0000016f7d518e40, 0x0000016f7d518ff8]
Event: 3.481 Thread 0x0000016f07260a80 3123       1       java.util.ArrayList::sort (45 bytes)
Event: 3.481 Thread 0x0000016f07012960 3124       1       java.util.Arrays::sort (47 bytes)
Event: 3.481 Thread 0x0000016f07260a80 nmethod 3123 0x0000016f7d519110 code [0x0000016f7d5192c0, 0x0000016f7d519478]
Event: 3.481 Thread 0x0000016f07012960 nmethod 3124 0x0000016f7d519590 code [0x0000016f7d519760, 0x0000016f7d519958]

GC Heap History (8 events):
Event: 0.335 GC heap before
{Heap before GC invocations=0 (full 0):
 garbage-first heap   total 129024K, used 7168K [0x0000000082e00000, 0x0000000100000000)
  region size 1024K, 6 young (6144K), 0 survivors (0K)
 Metaspace       used 603K, committed 768K, reserved 1114112K
  class space    used 44K, committed 128K, reserved 1048576K
}
Event: 0.340 GC heap after
{Heap after GC invocations=1 (full 0):
 garbage-first heap   total 129024K, used 5594K [0x0000000082e00000, 0x0000000100000000)
  region size 1024K, 1 young (1024K), 1 survivors (1024K)
 Metaspace       used 603K, committed 768K, reserved 1114112K
  class space    used 44K, committed 128K, reserved 1048576K
}
Event: 0.577 GC heap before
{Heap before GC invocations=1 (full 0):
 garbage-first heap   total 129024K, used 10714K [0x0000000082e00000, 0x0000000100000000)
  region size 1024K, 6 young (6144K), 1 survivors (1024K)
 Metaspace       used 2074K, committed 2240K, reserved 1114112K
  class space    used 253K, committed 320K, reserved 1048576K
}
Event: 0.581 GC heap after
{Heap after GC invocations=2 (full 0):
 garbage-first heap   total 129024K, used 6447K [0x0000000082e00000, 0x0000000100000000)
  region size 1024K, 1 young (1024K), 1 survivors (1024K)
 Metaspace       used 2074K, committed 2240K, reserved 1114112K
  class space    used 253K, committed 320K, reserved 1048576K
}
Event: 0.834 GC heap before
{Heap before GC invocations=2 (full 0):
 garbage-first heap   total 129024K, used 13615K [0x0000000082e00000, 0x0000000100000000)
  region size 1024K, 9 young (9216K), 1 survivors (1024K)
 Metaspace       used 3717K, committed 3904K, reserved 1114112K
  class space    used 497K, committed 576K, reserved 1048576K
}
Event: 0.838 GC heap after
{Heap after GC invocations=3 (full 0):
 garbage-first heap   total 129024K, used 6882K [0x0000000082e00000, 0x0000000100000000)
  region size 1024K, 2 young (2048K), 2 survivors (2048K)
 Metaspace       used 3717K, committed 3904K, reserved 1114112K
  class space    used 497K, committed 576K, reserved 1048576K
}
Event: 2.070 GC heap before
{Heap before GC invocations=3 (full 0):
 garbage-first heap   total 129024K, used 55010K [0x0000000082e00000, 0x0000000100000000)
  region size 1024K, 50 young (51200K), 2 survivors (2048K)
 Metaspace       used 14897K, committed 15168K, reserved 1114112K
  class space    used 2049K, committed 2176K, reserved 1048576K
}
Event: 2.085 GC heap after
{Heap after GC invocations=4 (full 0):
 garbage-first heap   total 129024K, used 10653K [0x0000000082e00000, 0x0000000100000000)
  region size 1024K, 5 young (5120K), 5 survivors (5120K)
 Metaspace       used 14897K, committed 15168K, reserved 1114112K
  class space    used 2049K, committed 2176K, reserved 1048576K
}

Deoptimization events (0 events):
No events

Classes unloaded (0 events):
No events

Classes redefined (0 events):
No events

Internal exceptions (20 events):
Event: 1.316 Thread 0x0000016f078db890 Exception <a 'java/lang/NoSuchMethodError'{0x0000000089b05058}: 'void java.lang.invoke.DirectMethodHandle$Holder.invokeVirtual(java.lang.Object, java.lang.Object, java.lang.Object, java.lang.Object)'> (0x0000000089b05058) 
thrown [s\open\src\hotspot\share\interpreter\linkResolver.cpp, line 759]
Event: 1.343 Thread 0x0000016f078db890 Exception <a 'java/lang/NoSuchMethodError'{0x0000000089bbb198}: 'java.lang.Object java.lang.invoke.DirectMethodHandle$Holder.invokeSpecial(java.lang.Object, java.lang.Object, long, java.lang.Object, java.lang.Object, java.lang.Object, java.lang.Object, java.lang.Object, java.lang.Object)'> (0x0000000089bbb198) 
thrown [s\open\src\hotspot\share\interpreter\linkResolver.cpp, line 759]
Event: 1.344 Thread 0x0000016f078db890 Exception <a 'java/lang/NoSuchMethodError'{0x0000000089bbfa18}: 'java.lang.Object java.lang.invoke.DelegatingMethodHandle$Holder.reinvoke_L(java.lang.Object, long, java.lang.Object, java.lang.Object, java.lang.Object, java.lang.Object, java.lang.Object, java.lang.Object)'> (0x0000000089bbfa18) 
thrown [s\open\src\hotspot\share\interpreter\linkResolver.cpp, line 759]
Event: 1.425 Thread 0x0000016f078db890 Exception <a 'java/lang/NoSuchMethodError'{0x00000000899774c0}: 'void java.lang.invoke.DirectMethodHandle$Holder.invokeSpecial(java.lang.Object, java.lang.Object, java.lang.Object)'> (0x00000000899774c0) 
thrown [s\open\src\hotspot\share\interpreter\linkResolver.cpp, line 759]
Event: 1.437 Thread 0x0000016f078db890 Exception <a 'java/lang/NoSuchMethodError'{0x0000000089817ff0}: 'java.lang.Object java.lang.invoke.DirectMethodHandle$Holder.invokeStatic(java.lang.Object, java.lang.Object, int)'> (0x0000000089817ff0) 
thrown [s\open\src\hotspot\share\interpreter\linkResolver.cpp, line 759]
Event: 1.437 Thread 0x0000016f07aaa4a0 Exception <a 'java/lang/NoClassDefFoundError'{0x00000000899c9d50}: jakarta/validation/Validation> (0x00000000899c9d50) 
thrown [s\open\src\hotspot\share\classfile\systemDictionary.cpp, line 245]
Event: 1.442 Thread 0x0000016f078db890 Exception <a 'java/lang/NoSuchMethodError'{0x0000000089823a08}: 'void java.lang.invoke.DelegatingMethodHandle$Holder.delegate(java.lang.Object, java.lang.Object, int, java.lang.Object)'> (0x0000000089823a08) 
thrown [s\open\src\hotspot\share\interpreter\linkResolver.cpp, line 759]
Event: 1.460 Thread 0x0000016f078db890 Exception <a 'java/lang/IncompatibleClassChangeError'{0x00000000897c5078}: Found class java.lang.Object, but interface was expected> (0x00000000897c5078) 
thrown [s\open\src\hotspot\share\interpreter\linkResolver.cpp, line 826]
Event: 2.001 Thread 0x0000016f07aaa4a0 Exception <a 'java/lang/NoSuchMethodError'{0x0000000087d88770}: 'long java.lang.invoke.DirectMethodHandle$Holder.invokeSpecial(java.lang.Object, java.lang.Object)'> (0x0000000087d88770) 
thrown [s\open\src\hotspot\share\interpreter\linkResolver.cpp, line 759]
Event: 2.003 Thread 0x0000016f07aaa4a0 Exception <a 'java/lang/NoSuchMethodError'{0x0000000087dce438}: 'long java.lang.invoke.DirectMethodHandle$Holder.invokeStatic(java.lang.Object, java.lang.Object)'> (0x0000000087dce438) 
thrown [s\open\src\hotspot\share\interpreter\linkResolver.cpp, line 759]
Event: 2.003 Thread 0x0000016f07aaa4a0 Exception <a 'java/lang/NoSuchMethodError'{0x0000000087dd1790}: 'long java.lang.invoke.DirectMethodHandle$Holder.invokeStaticInit(java.lang.Object, java.lang.Object)'> (0x0000000087dd1790) 
thrown [s\open\src\hotspot\share\interpreter\linkResolver.cpp, line 759]
Event: 2.007 Thread 0x0000016f07aaa4a0 Exception <a 'java/lang/NoSuchMethodError'{0x0000000087ddf018}: 'long java.lang.invoke.DirectMethodHandle$Holder.invokeInterface(java.lang.Object, java.lang.Object)'> (0x0000000087ddf018) 
thrown [s\open\src\hotspot\share\interpreter\linkResolver.cpp, line 759]
Event: 2.007 Thread 0x0000016f07aaa4a0 Exception <a 'java/lang/IncompatibleClassChangeError'{0x0000000087de2300}: Found class java.lang.Object, but interface was expected> (0x0000000087de2300) 
thrown [s\open\src\hotspot\share\interpreter\linkResolver.cpp, line 826]
Event: 2.013 Thread 0x0000016f078db890 Exception <a 'sun/nio/fs/WindowsException'{0x0000000087c20c50}> (0x0000000087c20c50) 
thrown [s\open\src\hotspot\share\prims\jni.cpp, line 516]
Event: 2.013 Thread 0x0000016f07aaa4a0 Exception <a 'java/lang/NoSuchMethodError'{0x0000000087dfca28}: 'java.lang.Object java.lang.invoke.DirectMethodHandle$Holder.invokeVirtual(java.lang.Object, java.lang.Object, java.lang.Object, java.lang.Object)'> (0x0000000087dfca28) 
thrown [s\open\src\hotspot\share\interpreter\linkResolver.cpp, line 759]
Event: 2.014 Thread 0x0000016f078db890 Exception <a 'java/lang/NoSuchMethodError'{0x0000000087c223d0}: 'int java.lang.invoke.DirectMethodHandle$Holder.invokeSpecial(java.lang.Object, java.lang.Object, java.lang.Object, java.lang.Object, java.lang.Object)'> (0x0000000087c223d0) 
thrown [s\open\src\hotspot\share\interpreter\linkResolver.cpp, line 759]
Event: 2.016 Thread 0x0000016f078db890 Exception <a 'java/lang/NoSuchMethodError'{0x0000000087c2b090}: 'void java.lang.invoke.DirectMethodHandle$Holder.invokeVirtual(java.lang.Object, java.lang.Object)'> (0x0000000087c2b090) 
thrown [s\open\src\hotspot\share\interpreter\linkResolver.cpp, line 759]
Event: 2.294 Thread 0x0000016f078db890 Exception <a 'java/lang/IncompatibleClassChangeError'{0x000000008a37f3d8}: Found class java.lang.Object, but interface was expected> (0x000000008a37f3d8) 
thrown [s\open\src\hotspot\share\interpreter\linkResolver.cpp, line 826]
Event: 3.236 Thread 0x0000016f078db890 Exception <a 'sun/nio/fs/WindowsException'{0x00000000885e5b38}> (0x00000000885e5b38) 
thrown [s\open\src\hotspot\share\prims\jni.cpp, line 516]
Event: 3.319 Thread 0x0000016f078db890 Exception <a 'sun/nio/fs/WindowsException'{0x0000000088363d28}> (0x0000000088363d28) 
thrown [s\open\src\hotspot\share\prims\jni.cpp, line 516]

VM Operations (20 events):
Event: 2.070 Executing VM operation: G1CollectForAllocation
Event: 2.086 Executing VM operation: G1CollectForAllocation done
Event: 2.098 Executing VM operation: HandshakeAllThreads
Event: 2.098 Executing VM operation: HandshakeAllThreads done
Event: 2.130 Executing VM operation: HandshakeAllThreads
Event: 2.130 Executing VM operation: HandshakeAllThreads done
Event: 2.302 Executing VM operation: HandshakeAllThreads
Event: 2.302 Executing VM operation: HandshakeAllThreads done
Event: 2.774 Executing VM operation: ICBufferFull
Event: 2.774 Executing VM operation: ICBufferFull done
Event: 3.208 Executing VM operation: HandshakeAllThreads
Event: 3.208 Executing VM operation: HandshakeAllThreads done
Event: 3.209 Executing VM operation: HandshakeAllThreads
Event: 3.209 Executing VM operation: HandshakeAllThreads done
Event: 3.220 Executing VM operation: HandshakeAllThreads
Event: 3.220 Executing VM operation: HandshakeAllThreads done
Event: 3.222 Executing VM operation: HandshakeAllThreads
Event: 3.222 Executing VM operation: HandshakeAllThreads done
Event: 3.354 Executing VM operation: HandshakeAllThreads
Event: 3.354 Executing VM operation: HandshakeAllThreads done

Events (20 events):
Event: 2.567 loading class java/beans/PropertyVetoException
Event: 2.567 loading class java/beans/PropertyVetoException done
Event: 3.084 loading class java/lang/UnsupportedClassVersionError
Event: 3.084 loading class java/lang/ClassFormatError
Event: 3.084 loading class java/lang/ClassFormatError done
Event: 3.084 loading class java/lang/UnsupportedClassVersionError done
Event: 3.218 loading class java/util/Collections$UnmodifiableMap$UnmodifiableEntrySet$1
Event: 3.218 loading class java/util/Collections$UnmodifiableMap$UnmodifiableEntrySet$1 done
Event: 3.295 loading class java/util/stream/Streams$ConcatSpliterator$OfRef
Event: 3.295 loading class java/util/stream/Streams$ConcatSpliterator
Event: 3.295 loading class java/util/stream/Streams$ConcatSpliterator done
Event: 3.295 loading class java/util/stream/Streams$ConcatSpliterator$OfRef done
Event: 3.295 loading class java/util/stream/Streams$2
Event: 3.295 loading class java/util/stream/Streams$2 done
Event: 3.344 loading class java/util/stream/ReferencePipeline$15
Event: 3.344 loading class java/util/stream/ReferencePipeline$15 done
Event: 3.345 loading class java/util/stream/ReferencePipeline$15$1
Event: 3.345 loading class java/util/stream/ReferencePipeline$15$1 done
Event: 3.368 loading class sun/reflect/generics/tree/BooleanSignature
Event: 3.368 loading class sun/reflect/generics/tree/BooleanSignature done


Dynamic libraries:
0x00007ff686020000 - 0x00007ff686030000 	C:\Program Files\Java\jdk-17\bin\java.exe
0x00007fff30a30000 - 0x00007fff30c28000 	C:\WINDOWS\SYSTEM32\ntdll.dll
0x00007fff2fc70000 - 0x00007fff2fd32000 	C:\WINDOWS\System32\KERNEL32.DLL
0x00007fff2e700000 - 0x00007fff2e9f6000 	C:\WINDOWS\System32\KERNELBASE.dll
0x00007fff2e3f0000 - 0x00007fff2e4f0000 	C:\WINDOWS\System32\ucrtbase.dll
0x00007fff293f0000 - 0x00007fff29409000 	C:\Program Files\Java\jdk-17\bin\jli.dll
0x00007fff2ef10000 - 0x00007fff2efc1000 	C:\WINDOWS\System32\ADVAPI32.dll
0x00007fff30150000 - 0x00007fff301ee000 	C:\WINDOWS\System32\msvcrt.dll
0x00007fff2ff80000 - 0x00007fff3001f000 	C:\WINDOWS\System32\sechost.dll
0x00007fff2ebd0000 - 0x00007fff2ecf0000 	C:\WINDOWS\System32\RPCRT4.dll
0x00007fff2e0c0000 - 0x00007fff2e0e7000 	C:\WINDOWS\System32\bcrypt.dll
0x00007fff2f0a0000 - 0x00007fff2f241000 	C:\WINDOWS\System32\USER32.dll
0x00007fff2e0f0000 - 0x00007fff2e112000 	C:\WINDOWS\System32\win32u.dll
0x00007fff2fda0000 - 0x00007fff2fdcb000 	C:\WINDOWS\System32\GDI32.dll
0x00007fff2e2d0000 - 0x00007fff2e3e9000 	C:\WINDOWS\System32\gdi32full.dll
0x00007fff2e230000 - 0x00007fff2e2cd000 	C:\WINDOWS\System32\msvcp_win.dll
0x00007fff282c0000 - 0x00007fff282db000 	C:\Program Files\Java\jdk-17\bin\VCRUNTIME140.dll
0x00007fff14200000 - 0x00007fff1449b000 	C:\WINDOWS\WinSxS\amd64_microsoft.windows.common-controls_6595b64144ccf1df_6.0.19041.6456_none_60b8a6cb71f64256\COMCTL32.dll
0x00007fff26310000 - 0x00007fff2631a000 	C:\WINDOWS\SYSTEM32\VERSION.dll
0x00007fff30660000 - 0x00007fff3068f000 	C:\WINDOWS\System32\IMM32.DLL
0x00007fff29430000 - 0x00007fff2943c000 	C:\Program Files\Java\jdk-17\bin\vcruntime140_1.dll
0x00007ffeda750000 - 0x00007ffeda7de000 	C:\Program Files\Java\jdk-17\bin\msvcp140.dll
0x00007ffebf100000 - 0x00007ffebfce0000 	C:\Program Files\Java\jdk-17\bin\server\jvm.dll
0x00007fff2fc60000 - 0x00007fff2fc68000 	C:\WINDOWS\System32\PSAPI.DLL
0x00007fff0fb10000 - 0x00007fff0fb19000 	C:\WINDOWS\SYSTEM32\WSOCK32.dll
0x00007fff2f250000 - 0x00007fff2f2bb000 	C:\WINDOWS\System32\WS2_32.dll
0x00007fff17330000 - 0x00007fff17357000 	C:\WINDOWS\SYSTEM32\WINMM.dll
0x00007fff2cb40000 - 0x00007fff2cb52000 	C:\WINDOWS\SYSTEM32\kernel.appcore.dll
0x00007fff27880000 - 0x00007fff2788a000 	C:\Program Files\Java\jdk-17\bin\jimage.dll
0x00007fff2c5b0000 - 0x00007fff2c7b1000 	C:\WINDOWS\SYSTEM32\DBGHELP.DLL
0x00007fff13420000 - 0x00007fff13454000 	C:\WINDOWS\SYSTEM32\dbgcore.DLL
0x00007fff2e1a0000 - 0x00007fff2e222000 	C:\WINDOWS\System32\bcryptPrimitives.dll
0x00007fff27850000 - 0x00007fff27875000 	C:\Program Files\Java\jdk-17\bin\java.dll
0x00007ffecd330000 - 0x00007ffecd407000 	C:\Program Files\Java\jdk-17\bin\jsvml.dll
0x00007fff2f460000 - 0x00007fff2fbd0000 	C:\WINDOWS\System32\SHELL32.dll
0x00007fff2bd30000 - 0x00007fff2c4d5000 	C:\WINDOWS\SYSTEM32\windows.storage.dll
0x00007fff30690000 - 0x00007fff309e4000 	C:\WINDOWS\System32\combase.dll
0x00007fff2daf0000 - 0x00007fff2db1b000 	C:\WINDOWS\SYSTEM32\Wldp.dll
0x00007fff2efd0000 - 0x00007fff2f09d000 	C:\WINDOWS\System32\OLEAUT32.dll
0x00007fff2ed70000 - 0x00007fff2ee1d000 	C:\WINDOWS\System32\SHCORE.dll
0x00007fff2f340000 - 0x00007fff2f39b000 	C:\WINDOWS\System32\shlwapi.dll
0x00007fff2dff0000 - 0x00007fff2e014000 	C:\WINDOWS\SYSTEM32\profapi.dll
0x00007fff0ff90000 - 0x00007fff0ffa9000 	C:\Program Files\Java\jdk-17\bin\net.dll
0x00007fff19f40000 - 0x00007fff1a04a000 	C:\WINDOWS\SYSTEM32\WINHTTP.dll
0x00007fff2d7e0000 - 0x00007fff2d84a000 	C:\WINDOWS\system32\mswsock.dll
0x00007fff0ff70000 - 0x00007fff0ff86000 	C:\Program Files\Java\jdk-17\bin\nio.dll
0x00007fff0fed0000 - 0x00007fff0fee8000 	C:\Program Files\Java\jdk-17\bin\zip.dll
0x00007fff0ff60000 - 0x00007fff0ff6a000 	C:\Program Files\Java\jdk-17\bin\management.dll
0x00007fff0fec0000 - 0x00007fff0fecb000 	C:\Program Files\Java\jdk-17\bin\management_ext.dll
0x00007fff0feb0000 - 0x00007fff0febe000 	C:\Program Files\Java\jdk-17\bin\sunmscapi.dll
0x00007fff2e5a0000 - 0x00007fff2e6fd000 	C:\WINDOWS\System32\CRYPT32.dll
0x00007fff2db60000 - 0x00007fff2db87000 	C:\WINDOWS\SYSTEM32\ncrypt.dll
0x00007fff2db20000 - 0x00007fff2db5b000 	C:\WINDOWS\SYSTEM32\NTASN1.dll

dbghelp: loaded successfully - version: 4.0.5 - missing functions: none
symbol engine: initialized successfully - sym options: 0x614 - pdb path: .;C:\Program Files\Java\jdk-17\bin;C:\WINDOWS\SYSTEM32;C:\WINDOWS\WinSxS\amd64_microsoft.windows.common-controls_6595b64144ccf1df_6.0.19041.6456_none_60b8a6cb71f64256;C:\Program Files\Java\jdk-17\bin\server

VM Arguments:
jvm_args: -XX:TieredStopAtLevel=1 
java_command: com.eventapp.event_service.eventServiceApplication
java_class_path (initial): D:\event-service\target\classes;C:\Users\Pc World\.m2\repository\ch\qos\logback\logback-classic\1.5.21\logback-classic-1.5.21.jar;C:\Users\Pc World\.m2\repository\ch\qos\logback\logback-core\1.5.21\logback-core-1.5.21.jar;C:\Users\Pc World\.m2\repository\org\apache\logging\log4j\log4j-to-slf4j\2.24.3\log4j-to-slf4j-2.24.3.jar;C:\Users\Pc World\.m2\repository\org\apache\logging\log4j\log4j-api\2.24.3\log4j-api-2.24.3.jar;C:\Users\Pc World\.m2\repository\org\slf4j\jul-to-slf4j\2.0.17\jul-to-slf4j-2.0.17.jar;C:\Users\Pc World\.m2\repository\jakarta\annotation\jakarta.annotation-api\2.1.1\jakarta.annotation-api-2.1.1.jar;C:\Users\Pc World\.m2\repository\org\yaml\snakeyaml\2.3\snakeyaml-2.3.jar;C:\Users\Pc World\.m2\repository\com\zaxxer\HikariCP\5.1.0\HikariCP-5.1.0.jar;C:\Users\Pc World\.m2\repository\org\springframework\spring-jdbc\6.2.14\spring-jdbc-6.2.14.jar;C:\Users\Pc World\.m2\repository\org\hibernate\orm\hibernate-core\6.6.36.Final\hibernate-core-6.6.36.Final.jar;C:\Users\Pc World\.m2\repository\jakarta\persistence\jakarta.persistence-api\3.1.0\jakarta.persistence-api-3.1.0.jar;C:\Users\Pc World\.m2\repository\jakarta\transaction\jakarta.transaction-api\2.0.1\jakarta.transaction-api-2.0.1.jar;C:\Users\Pc World\.m2\repository\org\jboss\logging\jboss-logging\3.6.1.Final\jboss-logging-3.6.1.Final.jar;C:\Users\Pc World\.m2\repository\org\hibernate\common\hibernate-commons-annotations\7.0.3.Final\hibernate-commons-annotations-7.0.3.Final.jar;C:\Users\Pc World\.m2\repository\io\smallrye\jandex\3.2.0\jandex-3.2.0.jar;C:\Users\Pc World\.m2\repository\com\fasterxml\classmate\1.7.1\classmate-1.7.1.jar;C:\Users\Pc World\.m2\repository\net\bytebuddy\byte-buddy\1.15.11\byte-buddy-1.15.11.jar;C:\Users\Pc World\.m2\repository\org\glassfish\jaxb\jaxb-runtime\4.0.6\jaxb-runtime-4.0.6.jar;C:\Users\Pc World\.m2\repository\org\glassfish\jaxb\jaxb-core\4.0.6\jaxb-core-4.0.6.jar;C:\Users\Pc World\.m2\repository\org\eclipse\angus\angus-activation\2.0.3\an
Launcher Type: SUN_STANDARD

[Global flags]
     intx CICompilerCount                          = 2                                         {product} {ergonomic}
     uint ConcGCThreads                            = 1                                         {product} {ergonomic}
     uint G1ConcRefinementThreads                  = 2                                         {product} {ergonomic}
   size_t G1HeapRegionSize                         = 1048576                                   {product} {ergonomic}
    uintx GCDrainStackTargetSize                   = 64                                        {product} {ergonomic}
   size_t InitialHeapSize                          = 132120576                                 {product} {ergonomic}
   size_t MarkStackSize                            = 4194304                                   {product} {ergonomic}
   size_t MaxHeapSize                              = 2099249152                                {product} {ergonomic}
   size_t MaxNewSize                               = 1259339776                                {product} {ergonomic}
   size_t MinHeapDeltaBytes                        = 1048576                                   {product} {ergonomic}
   size_t MinHeapSize                              = 8388608                                   {product} {ergonomic}
    uintx NonProfiledCodeHeapSize                  = 0                                      {pd product} {ergonomic}
     bool ProfileInterpreter                       = false                                  {pd product} {command line}
    uintx ProfiledCodeHeapSize                     = 0                                      {pd product} {ergonomic}
   size_t SoftMaxHeapSize                          = 2099249152                             {manageable} {ergonomic}
     intx TieredStopAtLevel                        = 1                                         {product} {command line}
     bool UseCompressedClassPointers               = true                           {product lp64_product} {ergonomic}
     bool UseCompressedOops                        = true                           {product lp64_product} {ergonomic}
     bool UseG1GC                                  = true                                      {product} {ergonomic}
     bool UseLargePagesIndividualAllocation        = false                                  {pd product} {ergonomic}

Logging:
Log output configuration:
 #0: stdout all=warning uptime,level,tags
 #1: stderr all=off uptime,level,tags

Environment Variables:
JAVA_HOME=C:\Program Files\Java\jdk-17
PATH=C:\Program Files\Common Files\Oracle\Java\javapath;C:\Program Files (x86)\Common Files\Oracle\Java\javapath;C:\WINDOWS\system32;C:\WINDOWS;C:\WINDOWS\System32\Wbem;C:\WINDOWS\System32\WindowsPowerShell\v1.0\;C:\WINDOWS\System32\OpenSSH\;C:\Program Files\Java\jdk-19\bin;C:\Program Files\nodejs\;C:\Users\Pc World\Downloads\dart-sass;C:\Program Files (x86)\dotnet\;C:\ProgramData\chocolatey\bin;D:\apache-maven-3.9.11\bin;C:\Users\Pc World\AppData\Local\Microsoft\WindowsApps;C:\Users\Pc World\AppData\Local\Programs\Microsoft VS Code\bin;C:\Users\Pc World\AppData\Roaming\npm;C:\Users\Pc World\AppData\Local\GitHubDesktop\bin;D:\Src\flutter\bin;D:\npm-global\bin;c:\Users\Pc World\.vscode\extensions\vscjava.vscode-java-debug-0.58.3\bundled\scripts\noConfigScripts
USERNAME=Pc World
LANG=fr_FR.UTF-8
OS=Windows_NT
PROCESSOR_IDENTIFIER=Intel64 Family 6 Model 122 Stepping 8, GenuineIntel



---------------  S Y S T E M  ---------------

OS:
 Windows 10 , 64 bit Build 19041 (10.0.19041.5915)
OS uptime: 0 days 0:26 hours

CPU: total 2 (initial active 2) (2 cores per cpu, 1 threads per core) family 6 model 122 stepping 8 microcode 0x1a, cx8, cmov, fxsr, mmx, 3dnowpref, sse, sse2, sse3, ssse3, sse4.1, sse4.2, popcnt, tsc, tscinvbit, aes, erms, clmul, sha, clflush, clflushopt

Memory: 4k page, system-wide physical 8007M (1196M free)
TotalPageFile size 9531M (AvailPageFile size 2M)
current process WorkingSet (physical memory assigned to process): 130M, peak: 130M
current process commit charge ("private bytes"): 228M, peak: 228M

vm_info: Java HotSpot(TM) 64-Bit Server VM (17.0.12+8-LTS-286) for windows-amd64 JRE (17.0.12+8-LTS-286), built on Jun  5 2024 06:46:59 by "mach5one" with MS VC++ 17.6 (VS2022)

END.
