#
# There is insufficient memory for the Java Runtime Environment to continue.
# Native memory allocation (mmap) failed to map 65536 bytes. Error detail: Failed to commit metaspace.
# Possible reasons:
#   The system is out of physical RAM or swap space
#   This process is running with CompressedOops enabled, and the Java Heap may be blocking the growth of the native heap
# Possible solutions:
#   Reduce memory load on the system
#   Increase physical memory or swap space
#   Check if swap backing store is full
#   Decrease Java heap size (-Xmx/-Xms)
#   Decrease number of Java threads
#   Decrease Java thread stack sizes (-Xss)
#   Set larger code cache with -XX:ReservedCodeCacheSize=
#   JVM is running with Unscaled Compressed Oops mode in which the Java heap is
#     placed in the first 4GB address space. The Java Heap base address is the
#     maximum limit for the native heap growth. Please use -XX:HeapBaseMinAddress
#     to set the Java Heap base and to place the Java Heap above 4GB virtual address.
# This output file may be truncated or incomplete.
#
#  Out of Memory Error (virtualSpaceNode.cpp:113), pid=652, tid=15528
#
# JRE version: OpenJDK Runtime Environment Temurin-21.0.9+10 (21.0.9+10) (build 21.0.9+10-LTS)
# Java VM: OpenJDK 64-Bit Server VM Temurin-21.0.9+10 (21.0.9+10-LTS, mixed mode, sharing, tiered, compressed oops, compressed class ptrs, parallel gc, windows-amd64)
# No core dump will be written. Minidumps are not enabled by default on client versions of Windows
#

---------------  S U M M A R Y ------------

Command Line: --add-modules=ALL-SYSTEM --add-opens=java.base/java.util=ALL-UNNAMED --add-opens=java.base/java.lang=ALL-UNNAMED --add-opens=java.base/sun.nio.fs=ALL-UNNAMED -Declipse.application=org.eclipse.jdt.ls.core.id1 -Dosgi.bundles.defaultStartLevel=4 -Declipse.product=org.eclipse.jdt.ls.core.product -Djava.import.generatesMetadataFilesAtProjectRoot=false -DDetectVMInstallationsJob.disabled=true -Dfile.encoding=utf8 -XX:+UseParallelGC -XX:GCTimeRatio=4 -XX:AdaptiveSizePolicyWeight=90 -Dsun.zip.disableMemoryMapping=true -Xmx2G -Xms100m -Xlog:disable -javaagent:c:\Users\Pc World\.vscode\extensions\redhat.java-1.50.0-win32-x64\lombok\lombok-1.18.39-4050.jar c:\Users\Pc World\.vscode\extensions\redhat.java-1.50.0-win32-x64\server\plugins\org.eclipse.equinox.launcher_1.7.100.v20251111-0406.jar -configuration c:\Users\Pc World\AppData\Roaming\Code\User\globalStorage\redhat.java\1.50.0\config_ss_win -data c:\Users\Pc World\AppData\Roaming\Code\User\workspaceStorage\3938b2e7db0f1ce2740bac25f630917c\redhat.java\ss_ws --pipe=\\.\pipe\lsp-bbc1f5aaa58c1ef80570bd60f6fc063d-sock

Host: Intel(R) Celeron(R) N4020 CPU @ 1.10GHz, 2 cores, 7G,  Windows 10 , 64 bit Build 19041 (10.0.19041.5915)
Time: Wed Dec 10 20:30:12 2025 Heure standard au Soudan du Sud elapsed time: 6.230342 seconds (0d 0h 0m 6s)

---------------  T H R E A D  ---------------

Current thread (0x0000023aca7767b0):  JavaThread "C1 CompilerThread0" daemon [_thread_in_vm, id=15528, stack(0x000000e5e1100000,0x000000e5e1200000) (1024K)]


Current CompileTask:
C1:6230 1752       3       org.eclipse.osgi.container.Module::compareTo (9 bytes)

Stack: [0x000000e5e1100000,0x000000e5e1200000]
Native frames: (J=compiled Java code, j=interpreted, Vv=VM code, C=native code)
V  [jvm.dll+0x6d6e29]
V  [jvm.dll+0x8b4b76]
V  [jvm.dll+0x8b712e]
V  [jvm.dll+0x8b7813]
V  [jvm.dll+0x283d86]
V  [jvm.dll+0x8b08be]
V  [jvm.dll+0x678824]
V  [jvm.dll+0x1e80ab]
V  [jvm.dll+0x1e7e6e]
V  [jvm.dll+0x67b122]
V  [jvm.dll+0x67af52]
V  [jvm.dll+0x6791fe]
V  [jvm.dll+0x68a6ca]
V  [jvm.dll+0x683842]
V  [jvm.dll+0x1f6150]
V  [jvm.dll+0x1f6338]
V  [jvm.dll+0x169161]
V  [jvm.dll+0x168fa6]
V  [jvm.dll+0x160b70]
V  [jvm.dll+0x162e0d]
V  [jvm.dll+0x161416]
V  [jvm.dll+0x15b257]
V  [jvm.dll+0x16abd8]
V  [jvm.dll+0x156845]
V  [jvm.dll+0x156b92]
V  [jvm.dll+0x156e44]
V  [jvm.dll+0x15625c]
V  [jvm.dll+0x157fed]
V  [jvm.dll+0x25b29d]
V  [jvm.dll+0x25982a]
V  [jvm.dll+0x3f7ea6]
V  [jvm.dll+0x85e9ad]
V  [jvm.dll+0x6d565d]
C  [ucrtbase.dll+0x21bb2]
C  [KERNEL32.DLL+0x17374]
C  [ntdll.dll+0x4cc91]


---------------  P R O C E S S  ---------------

Threads class SMR info:
_java_thread_list=0x0000023b10651290, length=12, elements={
0x0000023ab1b55270, 0x0000023ab3e1e3e0, 0x0000023aca6f6c00, 0x0000023aca6fa700,
0x0000023aca6fd420, 0x0000023aca6fe130, 0x0000023aca6ffb90, 0x0000023aca7009c0,
0x0000023aca7767b0, 0x0000023b1010b280, 0x0000023b10146810, 0x0000023b10734520
}

Java Threads: ( => current thread )
  0x0000023ab1b55270 JavaThread "main"                              [_thread_in_vm, id=9736, stack(0x000000e5e0600000,0x000000e5e0700000) (1024K)]
  0x0000023ab3e1e3e0 JavaThread "Reference Handler"          daemon [_thread_blocked, id=15404, stack(0x000000e5e0a00000,0x000000e5e0b00000) (1024K)]
  0x0000023aca6f6c00 JavaThread "Finalizer"                  daemon [_thread_blocked, id=12448, stack(0x000000e5e0b00000,0x000000e5e0c00000) (1024K)]
  0x0000023aca6fa700 JavaThread "Signal Dispatcher"          daemon [_thread_blocked, id=16312, stack(0x000000e5e0c00000,0x000000e5e0d00000) (1024K)]
  0x0000023aca6fd420 JavaThread "Attach Listener"            daemon [_thread_blocked, id=4832, stack(0x000000e5e0d00000,0x000000e5e0e00000) (1024K)]
  0x0000023aca6fe130 JavaThread "Service Thread"             daemon [_thread_blocked, id=16692, stack(0x000000e5e0e00000,0x000000e5e0f00000) (1024K)]
  0x0000023aca6ffb90 JavaThread "Monitor Deflation Thread"   daemon [_thread_blocked, id=7952, stack(0x000000e5e0f00000,0x000000e5e1000000) (1024K)]
  0x0000023aca7009c0 JavaThread "C2 CompilerThread0"         daemon [_thread_blocked, id=2700, stack(0x000000e5e1000000,0x000000e5e1100000) (1024K)]
=>0x0000023aca7767b0 JavaThread "C1 CompilerThread0"         daemon [_thread_in_vm, id=15528, stack(0x000000e5e1100000,0x000000e5e1200000) (1024K)]
  0x0000023b1010b280 JavaThread "Common-Cleaner"             daemon [_thread_blocked, id=4592, stack(0x000000e5e1200000,0x000000e5e1300000) (1024K)]
  0x0000023b10146810 JavaThread "Notification Thread"        daemon [_thread_blocked, id=13072, stack(0x000000e5e1300000,0x000000e5e1400000) (1024K)]
  0x0000023b10734520 JavaThread "Active Thread: Equinox Container: 6c92d37d-1629-4dd7-bc38-6a344865fd61"        [_thread_blocked, id=12816, stack(0x000000e5e1500000,0x000000e5e1600000) (1024K)]
Total: 12

Other Threads:
  0x0000023ab3e0d320 VMThread "VM Thread"                           [id=2652, stack(0x000000e5e0900000,0x000000e5e0a00000) (1024K)]
  0x0000023aca6ec280 WatcherThread "VM Periodic Task Thread"        [id=3348, stack(0x000000e5e0800000,0x000000e5e0900000) (1024K)]
  0x0000023ab3d6d1f0 WorkerThread "GC Thread#0"                     [id=14592, stack(0x000000e5e0700000,0x000000e5e0800000) (1024K)]
  0x0000023b109007f0 WorkerThread "GC Thread#1"                     [id=8484, stack(0x000000e5e1400000,0x000000e5e1500000) (1024K)]
Total: 4

Threads with active compile tasks:
C1 CompilerThread0  6263 1752       3       org.eclipse.osgi.container.Module::compareTo (9 bytes)
Total: 1

VM state: not at safepoint (normal execution)

VM Mutex/Monitor currently owned by a thread:  ([mutex/lock_event])
[0x00007ffecb35b4f0] Metaspace_lock - owner thread: 0x0000023aca7767b0

Heap address: 0x0000000080000000, size: 2048 MB, Compressed Oops mode: 32-bit

CDS archive(s) mapped at: [0x0000023acb000000-0x0000023acbba0000-0x0000023acbba0000), size 12189696, SharedBaseAddress: 0x0000023acb000000, ArchiveRelocationMode: 1.
Compressed class space mapped at: 0x0000023acc000000-0x0000023b0c000000, reserved size: 1073741824
Narrow klass base: 0x0000023acb000000, Narrow klass shift: 0, Narrow klass range: 0x100000000

GC Precious Log:
 CardTable entry size: 512
 CPUs: 2 total, 2 available
 Memory: 8007M
 Large Page Support: Disabled
 NUMA Support: Disabled
 Compressed Oops: Enabled (32-bit)
 Alignments: Space 512K, Generation 512K, Heap 2M
 Heap Min Capacity: 100M
 Heap Initial Capacity: 100M
 Heap Max Capacity: 2G
 Pre-touch: Disabled
 Parallel Workers: 2

Heap:
 PSYoungGen      total 29696K, used 26853K [0x00000000d5580000, 0x00000000d7680000, 0x0000000100000000)
  eden space 25600K, 92% used [0x00000000d5580000,0x00000000d6c852b8,0x00000000d6e80000)
  from space 4096K, 80% used [0x00000000d6e80000,0x00000000d71b4148,0x00000000d7280000)
  to   space 4096K, 0% used [0x00000000d7280000,0x00000000d7280000,0x00000000d7680000)
 ParOldGen       total 68608K, used 0K [0x0000000080000000, 0x0000000084300000, 0x00000000d5580000)
  object space 68608K, 0% used [0x0000000080000000,0x0000000080000000,0x0000000084300000)
 Metaspace       used 7949K, committed 8192K, reserved 1114112K
  class space    used 832K, committed 960K, reserved 1048576K

Card table byte_map: [0x0000023ab3700000,0x0000023ab3b10000] _byte_map_base: 0x0000023ab3300000

Marking Bits: (ParMarkBitMap*) 0x00007ffecb362460
 Begin Bits: [0x0000023ac6210000, 0x0000023ac8210000)
 End Bits:   [0x0000023ac8210000, 0x0000023aca210000)

Polling page: 0x0000023ab1ae0000

Metaspace:

Usage:
  Non-class:      6.95 MB used.
      Class:    832.09 KB used.
       Both:      7.76 MB used.

Virtual space:
  Non-class space:       64.00 MB reserved,       7.06 MB ( 11%) committed,  1 nodes.
      Class space:        1.00 GB reserved,     960.00 KB ( <1%) committed,  1 nodes.
             Both:        1.06 GB reserved,       8.00 MB ( <1%) committed. 

Chunk freelists:
   Non-Class:  8.80 MB
       Class:  14.91 MB
        Both:  23.70 MB

MaxMetaspaceSize: unlimited
CompressedClassSpaceSize: 1.00 GB
Initial GC threshold: 21.00 MB
Current GC threshold: 21.00 MB
CDS: on
 - commit_granule_bytes: 65536.
 - commit_granule_words: 8192.
 - virtual_space_node_default_size: 8388608.
 - enlarge_chunks_in_place: 1.
 - use_allocation_guard: 0.


Internal statistics:

num_allocs_failed_limit: 0.
num_arena_births: 228.
num_arena_deaths: 0.
num_vsnodes_births: 2.
num_vsnodes_deaths: 0.
num_space_committed: 128.
num_space_uncommitted: 0.
num_chunks_returned_to_freelist: 0.
num_chunks_taken_from_freelist: 421.
num_chunk_merges: 0.
num_chunk_splits: 270.
num_chunks_enlarged: 179.
num_inconsistent_stats: 0.

CodeHeap 'non-profiled nmethods': size=120064Kb used=716Kb max_used=716Kb free=119347Kb
 bounds [0x0000023abea20000, 0x0000023abec90000, 0x0000023ac5f60000]
CodeHeap 'profiled nmethods': size=120000Kb used=3122Kb max_used=3122Kb free=116878Kb
 bounds [0x0000023ab6f60000, 0x0000023ab7270000, 0x0000023abe490000]
CodeHeap 'non-nmethods': size=5696Kb used=1212Kb max_used=1232Kb free=4483Kb
 bounds [0x0000023abe490000, 0x0000023abe700000, 0x0000023abea20000]
CodeCache: size=245760Kb, used=5050Kb, max_used=5070Kb, free=240708Kb
 total_blobs=2222, nmethods=1741, adapters=389, full_count=0
Compilation: enabled, stopped_count=0, restarted_count=0

Compilation events (20 events):
Event: 6.215 Thread 0x0000023aca7009c0 nmethod 1742 0x0000023abead1e10 code [0x0000023abead1fa0, 0x0000023abead2050]
Event: 6.215 Thread 0x0000023aca7767b0 1743       1       org.eclipse.osgi.container.Module::getLocation (5 bytes)
Event: 6.216 Thread 0x0000023aca7767b0 nmethod 1743 0x0000023abead2110 code [0x0000023abead22a0, 0x0000023abead2368]
Event: 6.216 Thread 0x0000023aca7767b0 1744       3       org.eclipse.osgi.internal.framework.EquinoxContainer::checkAdminPermission (27 bytes)
Event: 6.217 Thread 0x0000023aca7767b0 nmethod 1744 0x0000023ab726b590 code [0x0000023ab726b740, 0x0000023ab726b988]
Event: 6.217 Thread 0x0000023aca7767b0 1745       3       org.eclipse.osgi.internal.framework.EquinoxBundle::getLocation (21 bytes)
Event: 6.217 Thread 0x0000023aca7767b0 nmethod 1745 0x0000023ab726ba90 code [0x0000023ab726bc40, 0x0000023ab726bec8]
Event: 6.217 Thread 0x0000023aca7767b0 1746       1       org.eclipse.osgi.internal.framework.EquinoxBundle$EquinoxModule::getBundle (5 bytes)
Event: 6.217 Thread 0x0000023aca7767b0 nmethod 1746 0x0000023abead2410 code [0x0000023abead25a0, 0x0000023abead2668]
Event: 6.218 Thread 0x0000023aca7009c0 1747       4       java.lang.String::equalsIgnoreCase (45 bytes)
Event: 6.219 Thread 0x0000023aca7009c0 nmethod 1747 0x0000023abead2710 code [0x0000023abead28a0, 0x0000023abead29d8]
Event: 6.219 Thread 0x0000023aca7009c0 1748       4       java.lang.StringLatin1::regionMatchesCI (45 bytes)
Event: 6.225 Thread 0x0000023aca7009c0 nmethod 1748 0x0000023abead2b10 code [0x0000023abead2ca0, 0x0000023abead2f00]
Event: 6.226 Thread 0x0000023aca7767b0 1749       1       org.eclipse.osgi.container.ModuleContainer::getModuleLockTimeout (5 bytes)
Event: 6.227 Thread 0x0000023aca7767b0 nmethod 1749 0x0000023abead3010 code [0x0000023abead31a0, 0x0000023abead3268]
Event: 6.227 Thread 0x0000023aca7767b0 1750       3       java.util.concurrent.locks.ReentrantReadWriteLock$Sync::sharedCount (5 bytes)
Event: 6.227 Thread 0x0000023aca7767b0 nmethod 1750 0x0000023ab726c010 code [0x0000023ab726c1a0, 0x0000023ab726c290]
Event: 6.227 Thread 0x0000023aca7767b0 1751       3       java.util.ArrayList$SubList::checkForComodification (23 bytes)
Event: 6.227 Thread 0x0000023aca7767b0 nmethod 1751 0x0000023ab726c310 code [0x0000023ab726c4c0, 0x0000023ab726c6e8]
Event: 6.228 Thread 0x0000023aca7767b0 1752       3       org.eclipse.osgi.container.Module::compareTo (9 bytes)

GC Heap History (2 events):
Event: 3.432 GC heap before
{Heap before GC invocations=1 (full 0):
 PSYoungGen      total 29696K, used 25600K [0x00000000d5580000, 0x00000000d7680000, 0x0000000100000000)
  eden space 25600K, 100% used [0x00000000d5580000,0x00000000d6e80000,0x00000000d6e80000)
  from space 4096K, 0% used [0x00000000d7280000,0x00000000d7280000,0x00000000d7680000)
  to   space 4096K, 0% used [0x00000000d6e80000,0x00000000d6e80000,0x00000000d7280000)
 ParOldGen       total 68608K, used 0K [0x0000000080000000, 0x0000000084300000, 0x00000000d5580000)
  object space 68608K, 0% used [0x0000000080000000,0x0000000080000000,0x0000000084300000)
 Metaspace       used 4377K, committed 4608K, reserved 1114112K
  class space    used 473K, committed 576K, reserved 1048576K
}
Event: 3.488 GC heap after
{Heap after GC invocations=1 (full 0):
 PSYoungGen      total 29696K, used 3280K [0x00000000d5580000, 0x00000000d7680000, 0x0000000100000000)
  eden space 25600K, 0% used [0x00000000d5580000,0x00000000d5580000,0x00000000d6e80000)
  from space 4096K, 80% used [0x00000000d6e80000,0x00000000d71b4148,0x00000000d7280000)
  to   space 4096K, 0% used [0x00000000d7280000,0x00000000d7280000,0x00000000d7680000)
 ParOldGen       total 68608K, used 0K [0x0000000080000000, 0x0000000084300000, 0x00000000d5580000)
  object space 68608K, 0% used [0x0000000080000000,0x0000000080000000,0x0000000084300000)
 Metaspace       used 4377K, committed 4608K, reserved 1114112K
  class space    used 473K, committed 576K, reserved 1048576K
}

Dll operation events (8 events):
Event: 0.017 Loaded shared library c:\Users\Pc World\.vscode\extensions\redhat.java-1.50.0-win32-x64\jre\21.0.9-win32-x86_64\bin\java.dll
Event: 0.372 Loaded shared library c:\Users\Pc World\.vscode\extensions\redhat.java-1.50.0-win32-x64\jre\21.0.9-win32-x86_64\bin\zip.dll
Event: 0.521 Loaded shared library C:\Users\Pc World\.vscode\extensions\redhat.java-1.50.0-win32-x64\jre\21.0.9-win32-x86_64\bin\instrument.dll
Event: 0.598 Loaded shared library C:\Users\Pc World\.vscode\extensions\redhat.java-1.50.0-win32-x64\jre\21.0.9-win32-x86_64\bin\net.dll
Event: 0.604 Loaded shared library C:\Users\Pc World\.vscode\extensions\redhat.java-1.50.0-win32-x64\jre\21.0.9-win32-x86_64\bin\nio.dll
Event: 0.611 Loaded shared library C:\Users\Pc World\.vscode\extensions\redhat.java-1.50.0-win32-x64\jre\21.0.9-win32-x86_64\bin\zip.dll
Event: 0.694 Loaded shared library C:\Users\Pc World\.vscode\extensions\redhat.java-1.50.0-win32-x64\jre\21.0.9-win32-x86_64\bin\jimage.dll
Event: 0.990 Loaded shared library c:\Users\Pc World\.vscode\extensions\redhat.java-1.50.0-win32-x64\jre\21.0.9-win32-x86_64\bin\verify.dll

Deoptimization events (20 events):
Event: 5.534 Thread 0x0000023ab1b55270 Uncommon trap: trap_request=0xffffffc6 fr.pc=0x0000023abeab4ba8 relative=0x0000000000000688
Event: 5.534 Thread 0x0000023ab1b55270 Uncommon trap: reason=bimorphic_or_optimized_type_check action=maybe_recompile pc=0x0000023abeab4ba8 method=java.util.Collections$UnmodifiableCollection$1.<init>(Ljava/util/Collections$UnmodifiableCollection;)V @ 17 c2
Event: 5.534 Thread 0x0000023ab1b55270 DEOPT PACKING pc=0x0000023abeab4ba8 sp=0x000000e5e06fe4b0
Event: 5.534 Thread 0x0000023ab1b55270 DEOPT UNPACKING pc=0x0000023abe4e3a9c sp=0x000000e5e06fe3f8 mode 2
Event: 5.630 Thread 0x0000023ab1b55270 Uncommon trap: trap_request=0xffffffde fr.pc=0x0000023abea8bfdc relative=0x000000000000051c
Event: 5.630 Thread 0x0000023ab1b55270 Uncommon trap: reason=class_check action=maybe_recompile pc=0x0000023abea8bfdc method=java.util.HashMap.putVal(ILjava/lang/Object;Ljava/lang/Object;ZZ)Ljava/lang/Object; @ 253 c2
Event: 5.630 Thread 0x0000023ab1b55270 DEOPT PACKING pc=0x0000023abea8bfdc sp=0x000000e5e06fe2b0
Event: 5.630 Thread 0x0000023ab1b55270 DEOPT UNPACKING pc=0x0000023abe4e3a9c sp=0x000000e5e06fe240 mode 2
Event: 5.634 Thread 0x0000023ab1b55270 Uncommon trap: trap_request=0xffffffde fr.pc=0x0000023abea8bfdc relative=0x000000000000051c
Event: 5.634 Thread 0x0000023ab1b55270 Uncommon trap: reason=class_check action=maybe_recompile pc=0x0000023abea8bfdc method=java.util.HashMap.putVal(ILjava/lang/Object;Ljava/lang/Object;ZZ)Ljava/lang/Object; @ 253 c2
Event: 5.634 Thread 0x0000023ab1b55270 DEOPT PACKING pc=0x0000023abea8bfdc sp=0x000000e5e06fe2b0
Event: 5.634 Thread 0x0000023ab1b55270 DEOPT UNPACKING pc=0x0000023abe4e3a9c sp=0x000000e5e06fe240 mode 2
Event: 5.866 Thread 0x0000023ab1b55270 DEOPT PACKING pc=0x0000023ab70de208 sp=0x000000e5e06fc530
Event: 5.866 Thread 0x0000023ab1b55270 DEOPT UNPACKING pc=0x0000023abe4e4223 sp=0x000000e5e06fb9b0 mode 0
Event: 5.869 Thread 0x0000023ab1b55270 DEOPT PACKING pc=0x0000023ab70de208 sp=0x000000e5e06fc840
Event: 5.869 Thread 0x0000023ab1b55270 DEOPT UNPACKING pc=0x0000023abe4e4223 sp=0x000000e5e06fbcc0 mode 0
Event: 5.870 Thread 0x0000023ab1b55270 DEOPT PACKING pc=0x0000023ab70de208 sp=0x000000e5e06fc790
Event: 5.870 Thread 0x0000023ab1b55270 DEOPT UNPACKING pc=0x0000023abe4e4223 sp=0x000000e5e06fbc10 mode 0
Event: 5.872 Thread 0x0000023ab1b55270 DEOPT PACKING pc=0x0000023ab70de208 sp=0x000000e5e06fca90
Event: 5.872 Thread 0x0000023ab1b55270 DEOPT UNPACKING pc=0x0000023abe4e4223 sp=0x000000e5e06fbf10 mode 0

Classes loaded (20 events):
Event: 5.854 Loading class java/security/KeyStoreException
Event: 5.855 Loading class java/security/KeyStoreException done
Event: 5.966 Loading class java/util/LinkedList$Node
Event: 5.966 Loading class java/util/LinkedList$Node done
Event: 5.966 Loading class java/util/LinkedList$ListItr
Event: 5.966 Loading class java/util/LinkedList$ListItr done
Event: 5.968 Loading class java/lang/Thread$Builder$OfPlatform
Event: 5.968 Loading class java/lang/Thread$Builder
Event: 5.968 Loading class java/lang/Thread$Builder done
Event: 5.968 Loading class java/lang/Thread$Builder$OfPlatform done
Event: 5.968 Loading class java/lang/Thread$Builder$OfVirtual
Event: 5.968 Loading class java/lang/Thread$Builder$OfVirtual done
Event: 5.983 Loading class sun/nio/fs/WindowsChannelFactory
Event: 5.983 Loading class sun/nio/fs/WindowsChannelFactory done
Event: 5.983 Loading class sun/nio/fs/WindowsChannelFactory$1
Event: 5.984 Loading class sun/nio/fs/WindowsChannelFactory$1 done
Event: 5.984 Loading class sun/nio/fs/WindowsChannelFactory$Flags
Event: 5.984 Loading class sun/nio/fs/WindowsChannelFactory$Flags done
Event: 5.984 Loading class sun/nio/ch/FileChannelImpl$Closer
Event: 5.984 Loading class sun/nio/ch/FileChannelImpl$Closer done

Classes unloaded (0 events):
No events

Classes redefined (0 events):
No events

Internal exceptions (20 events):
Event: 2.782 Thread 0x0000023ab1b55270 Exception <a 'java/lang/NoSuchMethodError'{0x00000000d65fd8f0}: 'java.lang.Object java.lang.invoke.DirectMethodHandle$Holder.invokeInterface(java.lang.Object, java.lang.Object, int)'> (0x00000000d65fd8f0) 
thrown [s\src\hotspot\share\interpreter\linkResolver.cpp, line 773]
Event: 3.128 Thread 0x0000023ab1b55270 Exception <a 'java/lang/NoSuchMethodError'{0x00000000d6a62bb8}: 'java.lang.ClassLoader java.lang.ClassLoader.getPlatformClassLoader(java.lang.Class)'> (0x00000000d6a62bb8) 
thrown [s\src\hotspot\share\interpreter\linkResolver.cpp, line 773]
Event: 3.429 Thread 0x0000023ab1b55270 Exception <a 'java/lang/ClassNotFoundException'{0x00000000d6e79258}: sun/net/www/protocol/c/Handler> (0x00000000d6e79258) 
thrown [s\src\hotspot\share\classfile\systemDictionary.cpp, line 312]
Event: 3.429 Thread 0x0000023ab1b55270 Exception <a 'java/lang/ClassNotFoundException'{0x00000000d6e7a5b8}: sun/net/www/protocol/d/Handler> (0x00000000d6e7a5b8) 
thrown [s\src\hotspot\share\classfile\systemDictionary.cpp, line 312]
Event: 3.429 Thread 0x0000023ab1b55270 Exception <a 'java/lang/ClassNotFoundException'{0x00000000d6e7b748}: sun/net/www/protocol/c/Handler> (0x00000000d6e7b748) 
thrown [s\src\hotspot\share\classfile\systemDictionary.cpp, line 312]
Event: 3.497 Thread 0x0000023ab1b55270 Exception <a 'java/io/FileNotFoundException'{0x00000000d55a1030}> (0x00000000d55a1030) 
thrown [s\src\hotspot\share\prims\jni.cpp, line 520]
Event: 3.563 Thread 0x0000023ab1b55270 Implicit null exception at 0x0000023abea7bb29 to 0x0000023abea7c39c
Event: 3.564 Thread 0x0000023ab1b55270 Implicit null exception at 0x0000023abea8e91a to 0x0000023abea8eb24
Event: 3.567 Thread 0x0000023ab1b55270 Exception <a 'java/lang/NoSuchMethodError'{0x00000000d56d0bb0}: 'void java.lang.invoke.DirectMethodHandle$Holder.invokeStatic(java.lang.Object, java.lang.Object, java.lang.Object, java.lang.Object)'> (0x00000000d56d0bb0) 
thrown [s\src\hotspot\share\interpreter\linkResolver.cpp, line 773]
Event: 3.580 Thread 0x0000023ab1b55270 Implicit null exception at 0x0000023abea7f83c to 0x0000023abea7fad4
Event: 3.580 Thread 0x0000023ab1b55270 Implicit null exception at 0x0000023abea8d5bd to 0x0000023abea8d641
Event: 3.948 Thread 0x0000023ab1b55270 Exception <a 'java/lang/NoSuchMethodError'{0x00000000d5987448}: 'void java.lang.invoke.DirectMethodHandle$Holder.invokeSpecial(java.lang.Object, java.lang.Object, java.lang.Object)'> (0x00000000d5987448) 
thrown [s\src\hotspot\share\interpreter\linkResolver.cpp, line 773]
Event: 5.025 Thread 0x0000023ab1b55270 Exception <a 'java/lang/NoSuchMethodError'{0x00000000d6261a48}: 'int java.lang.invoke.DirectMethodHandle$Holder.invokeVirtual(java.lang.Object, java.lang.Object)'> (0x00000000d6261a48) 
thrown [s\src\hotspot\share\interpreter\linkResolver.cpp, line 773]
Event: 5.414 Thread 0x0000023ab1b55270 Exception <a 'java/lang/NoSuchMethodError'{0x00000000d63e1380}: 'int java.lang.invoke.DirectMethodHandle$Holder.invokeStaticInit(java.lang.Object, java.lang.Object, java.lang.Object, java.lang.Object)'> (0x00000000d63e1380) 
thrown [s\src\hotspot\share\interpreter\linkResolver.cpp, line 773]
Event: 5.422 Thread 0x0000023ab1b55270 Exception <a 'java/lang/IncompatibleClassChangeError'{0x00000000d63e9788}: Found class java.lang.Object, but interface was expected> (0x00000000d63e9788) 
thrown [s\src\hotspot\share\interpreter\linkResolver.cpp, line 840]
Event: 5.423 Thread 0x0000023ab1b55270 Exception <a 'java/lang/NoSuchMethodError'{0x00000000d63efcf8}: 'void java.lang.invoke.DirectMethodHandle$Holder.invokeStaticInit(java.lang.Object, java.lang.Object)'> (0x00000000d63efcf8) 
thrown [s\src\hotspot\share\interpreter\linkResolver.cpp, line 773]
Event: 5.425 Thread 0x0000023ab1b55270 Exception <a 'java/lang/NoSuchMethodError'{0x00000000d63f8eb0}: 'int java.lang.invoke.DirectMethodHandle$Holder.invokeStaticInit(java.lang.Object, java.lang.Object)'> (0x00000000d63f8eb0) 
thrown [s\src\hotspot\share\interpreter\linkResolver.cpp, line 773]
Event: 5.566 Thread 0x0000023ab1b55270 Exception <a 'java/lang/NoSuchMethodError'{0x00000000d6642700}: 'java.lang.Object java.lang.invoke.DirectMethodHandle$Holder.newInvokeSpecial(java.lang.Object, int, java.lang.Object)'> (0x00000000d6642700) 
thrown [s\src\hotspot\share\interpreter\linkResolver.cpp, line 773]
Event: 5.774 Thread 0x0000023ab1b55270 Exception <a 'java/lang/ClassNotFoundException'{0x00000000d685d488}: sun/net/www/protocol/plurl/Handler> (0x00000000d685d488) 
thrown [s\src\hotspot\share\classfile\systemDictionary.cpp, line 312]
Event: 5.774 Thread 0x0000023ab1b55270 Exception <a 'java/lang/ClassNotFoundException'{0x00000000d685e308}: sun/net/www/protocol/plurl/Handler> (0x00000000d685e308) 
thrown [s\src\hotspot\share\classfile\systemDictionary.cpp, line 312]

ZGC Phase Switch (0 events):
No events

VM Operations (20 events):
Event: 1.749 Executing VM operation: Cleanup
Event: 1.764 Executing VM operation: Cleanup done
Event: 2.210 Executing VM operation: HandshakeAllThreads (Deoptimize)
Event: 2.210 Executing VM operation: HandshakeAllThreads (Deoptimize) done
Event: 2.437 Executing VM operation: HandshakeAllThreads (Deoptimize)
Event: 2.437 Executing VM operation: HandshakeAllThreads (Deoptimize) done
Event: 3.432 Executing VM operation: ParallelGCFailedAllocation (Allocation Failure)
Event: 3.488 Executing VM operation: ParallelGCFailedAllocation (Allocation Failure) done
Event: 4.501 Executing VM operation: Cleanup
Event: 4.520 Executing VM operation: Cleanup done
Event: 5.524 Executing VM operation: HandshakeAllThreads (Deoptimize)
Event: 5.524 Executing VM operation: HandshakeAllThreads (Deoptimize) done
Event: 5.524 Executing VM operation: Cleanup
Event: 5.524 Executing VM operation: Cleanup done
Event: 5.541 Executing VM operation: HandshakeAllThreads (Deoptimize)
Event: 5.541 Executing VM operation: HandshakeAllThreads (Deoptimize) done
Event: 5.697 Executing VM operation: HandshakeAllThreads (Deoptimize)
Event: 5.697 Executing VM operation: HandshakeAllThreads (Deoptimize) done
Event: 5.762 Executing VM operation: HandshakeAllThreads (Deoptimize)
Event: 5.763 Executing VM operation: HandshakeAllThreads (Deoptimize) done

Memory protections (0 events):
No events

Nmethod flushes (0 events):
No events

Events (12 events):
Event: 0.118 Thread 0x0000023ab1b55270 Thread added: 0x0000023ab1b55270
Event: 0.187 Thread 0x0000023ab1b55270 Thread added: 0x0000023ab3e1e3e0
Event: 0.188 Thread 0x0000023ab1b55270 Thread added: 0x0000023aca6f6c00
Event: 0.189 Thread 0x0000023ab1b55270 Thread added: 0x0000023aca6fa700
Event: 0.189 Thread 0x0000023ab1b55270 Thread added: 0x0000023aca6fd420
Event: 0.189 Thread 0x0000023ab1b55270 Thread added: 0x0000023aca6fe130
Event: 0.189 Thread 0x0000023ab1b55270 Thread added: 0x0000023aca6ffb90
Event: 0.189 Thread 0x0000023ab1b55270 Thread added: 0x0000023aca7009c0
Event: 0.212 Thread 0x0000023ab1b55270 Thread added: 0x0000023aca7767b0
Event: 0.535 Thread 0x0000023ab1b55270 Thread added: 0x0000023b1010b280
Event: 1.411 Thread 0x0000023ab1b55270 Thread added: 0x0000023b10146810
Event: 5.443 Thread 0x0000023ab1b55270 Thread added: 0x0000023b10734520


Dynamic libraries:
0x00007ff652f70000 - 0x00007ff652f7e000 	c:\Users\Pc World\.vscode\extensions\redhat.java-1.50.0-win32-x64\jre\21.0.9-win32-x86_64\bin\java.exe
0x00007fff30a30000 - 0x00007fff30c28000 	C:\WINDOWS\SYSTEM32\ntdll.dll
0x00007fff2fc70000 - 0x00007fff2fd32000 	C:\WINDOWS\System32\KERNEL32.DLL
0x00007fff2e700000 - 0x00007fff2e9f6000 	C:\WINDOWS\System32\KERNELBASE.dll
0x00007fff2e3f0000 - 0x00007fff2e4f0000 	C:\WINDOWS\System32\ucrtbase.dll
0x00007fff28ec0000 - 0x00007fff28ed8000 	c:\Users\Pc World\.vscode\extensions\redhat.java-1.50.0-win32-x64\jre\21.0.9-win32-x86_64\bin\jli.dll
0x00007fff2f0a0000 - 0x00007fff2f241000 	C:\WINDOWS\System32\USER32.dll
0x00007fff2e0f0000 - 0x00007fff2e112000 	C:\WINDOWS\System32\win32u.dll
0x00007fff2fda0000 - 0x00007fff2fdcb000 	C:\WINDOWS\System32\GDI32.dll
0x00007fff2e2d0000 - 0x00007fff2e3e9000 	C:\WINDOWS\System32\gdi32full.dll
0x00007fff2e230000 - 0x00007fff2e2cd000 	C:\WINDOWS\System32\msvcp_win.dll
0x00007fff28cb0000 - 0x00007fff28cce000 	c:\Users\Pc World\.vscode\extensions\redhat.java-1.50.0-win32-x64\jre\21.0.9-win32-x86_64\bin\VCRUNTIME140.dll
0x00007fff14200000 - 0x00007fff1449b000 	C:\WINDOWS\WinSxS\amd64_microsoft.windows.common-controls_6595b64144ccf1df_6.0.19041.6456_none_60b8a6cb71f64256\COMCTL32.dll
0x00007fff30150000 - 0x00007fff301ee000 	C:\WINDOWS\System32\msvcrt.dll
0x00007fff30660000 - 0x00007fff3068f000 	C:\WINDOWS\System32\IMM32.DLL
0x00007fff28ca0000 - 0x00007fff28cac000 	c:\Users\Pc World\.vscode\extensions\redhat.java-1.50.0-win32-x64\jre\21.0.9-win32-x86_64\bin\vcruntime140_1.dll
0x00007fff279c0000 - 0x00007fff27a4d000 	c:\Users\Pc World\.vscode\extensions\redhat.java-1.50.0-win32-x64\jre\21.0.9-win32-x86_64\bin\msvcp140.dll
0x00007ffeca6a0000 - 0x00007ffecb440000 	c:\Users\Pc World\.vscode\extensions\redhat.java-1.50.0-win32-x64\jre\21.0.9-win32-x86_64\bin\server\jvm.dll
0x00007fff2ef10000 - 0x00007fff2efc1000 	C:\WINDOWS\System32\ADVAPI32.dll
0x00007fff2ff80000 - 0x00007fff3001f000 	C:\WINDOWS\System32\sechost.dll
0x00007fff2ebd0000 - 0x00007fff2ecf0000 	C:\WINDOWS\System32\RPCRT4.dll
0x00007fff2e0c0000 - 0x00007fff2e0e7000 	C:\WINDOWS\System32\bcrypt.dll
0x00007fff2f250000 - 0x00007fff2f2bb000 	C:\WINDOWS\System32\WS2_32.dll
0x00007fff2daa0000 - 0x00007fff2daeb000 	C:\WINDOWS\SYSTEM32\POWRPROF.dll
0x00007fff17330000 - 0x00007fff17357000 	C:\WINDOWS\SYSTEM32\WINMM.dll
0x00007fff26310000 - 0x00007fff2631a000 	C:\WINDOWS\SYSTEM32\VERSION.dll
0x00007fff2da80000 - 0x00007fff2da92000 	C:\WINDOWS\SYSTEM32\UMPDC.dll
0x00007fff2cb40000 - 0x00007fff2cb52000 	C:\WINDOWS\SYSTEM32\kernel.appcore.dll
0x00007fff28be0000 - 0x00007fff28bea000 	c:\Users\Pc World\.vscode\extensions\redhat.java-1.50.0-win32-x64\jre\21.0.9-win32-x86_64\bin\jimage.dll
0x00007fff2c5b0000 - 0x00007fff2c7b1000 	C:\WINDOWS\SYSTEM32\DBGHELP.DLL
0x00007fff13420000 - 0x00007fff13454000 	C:\WINDOWS\SYSTEM32\dbgcore.DLL
0x00007fff2e1a0000 - 0x00007fff2e222000 	C:\WINDOWS\System32\bcryptPrimitives.dll
0x00007fff28bd0000 - 0x00007fff28bdf000 	c:\Users\Pc World\.vscode\extensions\redhat.java-1.50.0-win32-x64\jre\21.0.9-win32-x86_64\bin\instrument.dll
0x00007fff28bb0000 - 0x00007fff28bd0000 	c:\Users\Pc World\.vscode\extensions\redhat.java-1.50.0-win32-x64\jre\21.0.9-win32-x86_64\bin\java.dll
0x00007fff2f460000 - 0x00007fff2fbd0000 	C:\WINDOWS\System32\SHELL32.dll
0x00007fff2bd30000 - 0x00007fff2c4d5000 	C:\WINDOWS\SYSTEM32\windows.storage.dll
0x00007fff30690000 - 0x00007fff309e4000 	C:\WINDOWS\System32\combase.dll
0x00007fff2daf0000 - 0x00007fff2db1b000 	C:\WINDOWS\SYSTEM32\Wldp.dll
0x00007fff2efd0000 - 0x00007fff2f09d000 	C:\WINDOWS\System32\OLEAUT32.dll
0x00007fff2ed70000 - 0x00007fff2ee1d000 	C:\WINDOWS\System32\SHCORE.dll
0x00007fff2f340000 - 0x00007fff2f39b000 	C:\WINDOWS\System32\shlwapi.dll
0x00007fff2dff0000 - 0x00007fff2e014000 	C:\WINDOWS\SYSTEM32\profapi.dll
0x00007fff28b40000 - 0x00007fff28b58000 	c:\Users\Pc World\.vscode\extensions\redhat.java-1.50.0-win32-x64\jre\21.0.9-win32-x86_64\bin\zip.dll
0x00007fff28b30000 - 0x00007fff28b40000 	C:\Users\Pc World\.vscode\extensions\redhat.java-1.50.0-win32-x64\jre\21.0.9-win32-x86_64\bin\net.dll
0x00007fff19f40000 - 0x00007fff1a04a000 	C:\WINDOWS\SYSTEM32\WINHTTP.dll
0x00007fff2d7e0000 - 0x00007fff2d84a000 	C:\WINDOWS\system32\mswsock.dll
0x00007fff280d0000 - 0x00007fff280e6000 	C:\Users\Pc World\.vscode\extensions\redhat.java-1.50.0-win32-x64\jre\21.0.9-win32-x86_64\bin\nio.dll
0x00007fff280c0000 - 0x00007fff280d0000 	c:\Users\Pc World\.vscode\extensions\redhat.java-1.50.0-win32-x64\jre\21.0.9-win32-x86_64\bin\verify.dll

JVMTI agents:
c:\Users\Pc World\.vscode\extensions\redhat.java-1.50.0-win32-x64\lombok\lombok-1.18.39-4050.jar path:c:\Users\Pc World\.vscode\extensions\redhat.java-1.50.0-win32-x64\jre\21.0.9-win32-x86_64\bin\instrument.dll, loaded, initialized, instrumentlib options:none

dbghelp: loaded successfully - version: 4.0.5 - missing functions: none
symbol engine: initialized successfully - sym options: 0x614 - pdb path: .;c:\Users\Pc World\.vscode\extensions\redhat.java-1.50.0-win32-x64\jre\21.0.9-win32-x86_64\bin;C:\WINDOWS\SYSTEM32;C:\WINDOWS\WinSxS\amd64_microsoft.windows.common-controls_6595b64144ccf1df_6.0.19041.6456_none_60b8a6cb71f64256;c:\Users\Pc World\.vscode\extensions\redhat.java-1.50.0-win32-x64\jre\21.0.9-win32-x86_64\bin\server

VM Arguments:
jvm_args: --add-modules=ALL-SYSTEM --add-opens=java.base/java.util=ALL-UNNAMED --add-opens=java.base/java.lang=ALL-UNNAMED --add-opens=java.base/sun.nio.fs=ALL-UNNAMED -Declipse.application=org.eclipse.jdt.ls.core.id1 -Dosgi.bundles.defaultStartLevel=4 -Declipse.product=org.eclipse.jdt.ls.core.product -Djava.import.generatesMetadataFilesAtProjectRoot=false -DDetectVMInstallationsJob.disabled=true -Dfile.encoding=utf8 -XX:+UseParallelGC -XX:GCTimeRatio=4 -XX:AdaptiveSizePolicyWeight=90 -Dsun.zip.disableMemoryMapping=true -Xmx2G -Xms100m -Xlog:disable -javaagent:c:\Users\Pc World\.vscode\extensions\redhat.java-1.50.0-win32-x64\lombok\lombok-1.18.39-4050.jar 
java_command: c:\Users\Pc World\.vscode\extensions\redhat.java-1.50.0-win32-x64\server\plugins\org.eclipse.equinox.launcher_1.7.100.v20251111-0406.jar -configuration c:\Users\Pc World\AppData\Roaming\Code\User\globalStorage\redhat.java\1.50.0\config_ss_win -data c:\Users\Pc World\AppData\Roaming\Code\User\workspaceStorage\3938b2e7db0f1ce2740bac25f630917c\redhat.java\ss_ws --pipe=\\.\pipe\lsp-bbc1f5aaa58c1ef80570bd60f6fc063d-sock
java_class_path (initial): c:\Users\Pc World\.vscode\extensions\redhat.java-1.50.0-win32-x64\server\plugins\org.eclipse.equinox.launcher_1.7.100.v20251111-0406.jar
Launcher Type: SUN_STANDARD

[Global flags]
    uintx AdaptiveSizePolicyWeight                 = 90                                        {product} {command line}
     intx CICompilerCount                          = 2                                         {product} {ergonomic}
    uintx GCTimeRatio                              = 4                                         {product} {command line}
   size_t InitialHeapSize                          = 104857600                                 {product} {command line}
   size_t MaxHeapSize                              = 2147483648                                {product} {command line}
   size_t MaxNewSize                               = 715653120                                 {product} {ergonomic}
   size_t MinHeapDeltaBytes                        = 524288                                    {product} {ergonomic}
   size_t MinHeapSize                              = 104857600                                 {product} {command line}
   size_t NewSize                                  = 34603008                                  {product} {ergonomic}
    uintx NonNMethodCodeHeapSize                   = 5826188                                {pd product} {ergonomic}
    uintx NonProfiledCodeHeapSize                  = 122916026                              {pd product} {ergonomic}
   size_t OldSize                                  = 70254592                                  {product} {ergonomic}
    uintx ProfiledCodeHeapSize                     = 122916026                              {pd product} {ergonomic}
    uintx ReservedCodeCacheSize                    = 251658240                              {pd product} {ergonomic}
     bool SegmentedCodeCache                       = true                                      {product} {ergonomic}
   size_t SoftMaxHeapSize                          = 2147483648                             {manageable} {ergonomic}
     bool UseCompressedOops                        = true                           {product lp64_product} {ergonomic}
     bool UseLargePagesIndividualAllocation        = false                                  {pd product} {ergonomic}
     bool UseParallelGC                            = true                                      {product} {command line}

Logging:
Log output configuration:
 #0: stdout all=off uptime,level,tags foldmultilines=false
 #1: stderr all=off uptime,level,tags foldmultilines=false

Release file:
JAVA_VERSION="21.0.9" 
MODULES="java.base java.compiler java.datatransfer java.xml java.prefs java.desktop java.instrument java.logging java.management java.security.sasl java.naming java.rmi java.management.rmi java.net.http java.scripting java.security.jgss java.transaction.xa java.sql java.sql.rowset java.xml.crypto java.se java.smartcardio jdk.accessibility jdk.internal.jvmstat jdk.attach jdk.charsets jdk.internal.opt jdk.zipfs jdk.compiler jdk.crypto.ec jdk.crypto.cryptoki jdk.crypto.mscapi jdk.dynalink jdk.internal.ed jdk.editpad jdk.hotspot.agent jdk.httpserver jdk.internal.le jdk.internal.vm.ci jdk.internal.vm.compiler jdk.internal.vm.compiler.management jdk.jartool jdk.javadoc jdk.jcmd jdk.management jdk.management.agent jdk.jconsole jdk.jdeps jdk.jdwp.agent jdk.jdi jdk.jfr jdk.jshell jdk.jsobject jdk.jstatd jdk.localedata jdk.management.jfr jdk.naming.dns jdk.naming.rmi jdk.net jdk.nio.mapmode jdk.random jdk.sctp jdk.security.auth jdk.security.jgss jdk.unsupported jdk.unsupported.desktop jdk.xml.dom" 

Environment Variables:
JAVA_HOME=C:\Program Files\Java\jdk-17
PATH=C:\Program Files\Common Files\Oracle\Java\javapath;C:\Program Files (x86)\Common Files\Oracle\Java\javapath;C:\WINDOWS\system32;C:\WINDOWS;C:\WINDOWS\System32\Wbem;C:\WINDOWS\System32\WindowsPowerShell\v1.0\;C:\WINDOWS\System32\OpenSSH\;C:\Program Files\Java\jdk-19\bin;C:\Program Files\nodejs\;C:\Users\Pc World\Downloads\dart-sass;C:\Program Files (x86)\dotnet\;C:\ProgramData\chocolatey\bin;D:\apache-maven-3.9.11\bin;C:\Users\Pc World\AppData\Local\Microsoft\WindowsApps;C:\Users\Pc World\AppData\Local\Programs\Microsoft VS Code\bin;C:\Users\Pc World\AppData\Roaming\npm;C:\Users\Pc World\AppData\Local\GitHubDesktop\bin;D:\Src\flutter\bin;D:\npm-global\bin;
USERNAME=Pc World
OS=Windows_NT
PROCESSOR_IDENTIFIER=Intel64 Family 6 Model 122 Stepping 8, GenuineIntel
TMP=C:\Users\PCWORL~1\AppData\Local\Temp
TEMP=C:\Users\PCWORL~1\AppData\Local\Temp




Periodic native trim disabled

---------------  S Y S T E M  ---------------

OS:
 Windows 10 , 64 bit Build 19041 (10.0.19041.5915)
OS uptime: 0 days 9:24 hours

CPU: total 2 (initial active 2) (2 cores per cpu, 1 threads per core) family 6 model 122 stepping 8 microcode 0x1a, cx8, cmov, fxsr, mmx, 3dnowpref, sse, sse2, sse3, ssse3, sse4.1, sse4.2, popcnt, tsc, tscinvbit, aes, erms, clmul, sha, clflush, clflushopt, rdtscp, rdpid
Processor Information for the first 2 processors :
  Max Mhz: 1101, Current Mhz: 1101, Mhz Limit: 1101

Memory: 4k page, system-wide physical 8007M (1133M free)
TotalPageFile size 9747M (AvailPageFile size 2M)
current process WorkingSet (physical memory assigned to process): 84M, peak: 84M
current process commit charge ("private bytes"): 218M, peak: 219M

vm_info: OpenJDK 64-Bit Server VM (21.0.9+10-LTS) for windows-amd64 JRE (21.0.9+10-LTS), built on 2025-10-21T00:00:00Z by "admin" with unknown MS VC++:1942

END.
